TN:
SF:src\App.jsx
FN:8,App
FN:13,navigate
FN:18,handleNoteSelect
FN:24,handleLogout
FN:35,onStart
FN:36,onSignIn
FN:42,onBack
FN:43,onLoginSuccess
FN:44,onGoToSignUp
FN:57,onNewScan
FN:60,onInitialTabConsumed
FN:73,onNewScan
FN:74,onProcess
FN:81,onBack
FN:82,onNewScan
FN:91,onBack
FN:92,onSignUpSuccess
FN:99,onBack
FN:103,onNewScan
FNF:19
FNH:10
FNDA:29,App
FNDA:16,navigate
FNDA:0,handleNoteSelect
FNDA:1,handleLogout
FNDA:7,onStart
FNDA:1,onSignIn
FNDA:1,onBack
FNDA:2,onLoginSuccess
FNDA:3,onGoToSignUp
FNDA:0,onNewScan
FNDA:0,onInitialTabConsumed
FNDA:0,onNewScan
FNDA:0,onProcess
FNDA:0,onBack
FNDA:0,onNewScan
FNDA:1,onBack
FNDA:1,onSignUpSuccess
FNDA:0,onBack
FNDA:0,onNewScan
DA:1,1
DA:2,1
DA:3,1
DA:4,1
DA:5,1
DA:6,1
DA:8,29
DA:9,29
DA:10,29
DA:11,29
DA:13,29
DA:14,16
DA:15,16
DA:16,16
DA:18,29
DA:19,0
DA:20,0
DA:21,0
DA:22,0
DA:24,29
DA:25,1
DA:26,1
DA:27,1
DA:29,1
DA:31,29
DA:32,29
DA:33,29
DA:34,12
DA:35,12
DA:36,12
DA:37,12
DA:40,29
DA:41,10
DA:42,10
DA:43,10
DA:44,10
DA:45,10
DA:48,29
DA:49,3
DA:50,3
DA:51,3
DA:52,3
DA:55,3
DA:57,3
DA:58,3
DA:59,3
DA:60,3
DA:61,3
DA:64,29
DA:65,0
DA:66,0
DA:67,0
DA:68,0
DA:71,0
DA:73,0
DA:74,0
DA:75,0
DA:76,0
DA:79,29
DA:80,0
DA:81,0
DA:82,0
DA:85,0
DA:86,0
DA:89,29
DA:90,3
DA:91,3
DA:92,3
DA:93,3
DA:96,29
DA:97,0
DA:98,0
DA:99,0
DA:100,0
DA:101,0
DA:102,0
DA:103,0
DA:106,0
DA:107,0
DA:109,29
DA:111,29
DA:113,1
LF:82
LH:55
BRDA:8,0,0,29
BRDA:33,1,0,12
BRDA:40,2,0,10
BRDA:48,3,0,3
BRDA:64,4,0,0
BRDA:79,5,0,0
BRDA:89,6,0,3
BRDA:96,7,0,0
BRDA:9,8,0,12
BRDA:9,9,0,10
BRDA:10,10,0,12
BRDA:13,11,0,16
BRDA:24,12,0,1
BRDA:35,13,0,7
BRDA:36,14,0,1
BRDA:42,15,0,1
BRDA:43,16,0,2
BRDA:44,17,0,3
BRDA:91,18,0,1
BRDA:92,19,0,1
BRF:20
BRH:17
end_of_record
TN:
SF:src\FavoritesPage.jsx
FN:28,tagColor
FN:30,Icon
FN:36,ConfidencePill
FN:48,FavoritesPage
FN:78,onChange
FN:81,onClick
FN:113,onClick
FN:117,onMouseEnter
FN:118,onMouseLeave
FN:136,onClick
FN:140,onMouseEnter
FN:141,onMouseLeave
FN:174,onClick
FN:178,onMouseEnter
FN:179,onMouseLeave
FNF:15
FNH:8
FNDA:56,tagColor
FNDA:384,Icon
FNDA:76,ConfidencePill
FNDA:61,FavoritesPage
FNDA:18,onChange
FNDA:0,onClick
FNDA:2,onClick
FNDA:0,onMouseEnter
FNDA:0,onMouseLeave
FNDA:5,onClick
FNDA:0,onMouseEnter
FNDA:0,onMouseLeave
FNDA:2,onClick
FNDA:0,onMouseEnter
FNDA:0,onMouseLeave
DA:1,1
DA:3,1
DA:4,1
DA:5,1
DA:6,1
DA:7,1
DA:8,1
DA:9,1
DA:10,1
DA:11,1
DA:12,1
DA:13,1
DA:14,1
DA:15,1
DA:16,1
DA:17,1
DA:18,1
DA:19,1
DA:21,1
DA:22,1
DA:23,1
DA:24,1
DA:25,1
DA:26,1
DA:27,1
DA:28,1
DA:30,1
DA:31,384
DA:32,384
DA:33,384
DA:36,1
DA:37,76
DA:38,74
DA:39,0
DA:40,76
DA:41,76
DA:42,76
DA:43,76
DA:44,76
DA:46,76
DA:48,1
DA:49,61
DA:51,61
DA:52,61
DA:53,94
DA:54,94
DA:55,28
DA:56,20
DA:57,18
DA:58,61
DA:60,61
DA:61,61
DA:64,61
DA:65,61
DA:66,61
DA:67,61
DA:68,61
DA:69,61
DA:70,61
DA:71,61
DA:72,61
DA:75,61
DA:76,61
DA:77,61
DA:78,61
DA:79,61
DA:80,61
DA:81,16
DA:82,16
DA:83,16
DA:84,16
DA:86,61
DA:89,61
DA:90,3
DA:91,3
DA:92,3
DA:93,3
DA:94,3
DA:95,3
DA:96,3
DA:98,3
DA:99,3
DA:103,61
DA:104,4
DA:105,4
DA:106,4
DA:110,61
DA:111,61
DA:112,76
DA:113,76
DA:114,76
DA:115,76
DA:116,76
DA:117,76
DA:118,76
DA:121,76
DA:122,76
DA:123,76
DA:124,76
DA:125,76
DA:128,76
DA:129,76
DA:130,76
DA:131,76
DA:132,76
DA:133,76
DA:134,76
DA:135,76
DA:136,76
DA:137,76
DA:138,76
DA:139,76
DA:140,76
DA:141,76
DA:142,76
DA:143,76
DA:144,76
DA:145,76
DA:148,76
DA:149,76
DA:150,76
DA:151,76
DA:152,76
DA:155,76
DA:156,76
DA:157,56
DA:158,56
DA:159,56
DA:160,56
DA:161,56
DA:162,56
DA:164,76
DA:165,76
DA:168,76
DA:169,76
DA:170,76
DA:171,76
DA:172,76
DA:173,76
DA:174,76
DA:175,76
DA:176,76
DA:177,76
DA:178,76
DA:179,76
DA:181,76
DA:182,76
DA:183,76
DA:184,61
DA:185,61
DA:186,61
DA:188,61
DA:190,1
LF:153
LH:152
BRDA:28,0,0,56
BRDA:30,1,0,384
BRDA:36,2,0,76
BRDA:37,3,0,2
BRDA:37,4,0,74
BRDA:38,5,0,0
BRDA:48,6,0,61
BRDA:69,7,0,39
BRDA:69,8,0,22
BRDA:80,9,0,16
BRDA:89,10,0,3
BRDA:103,11,0,58
BRDA:103,12,0,4
BRDA:51,13,0,97
BRDA:52,14,0,94
BRDA:54,15,0,66
BRDA:54,16,0,92
BRDA:54,17,0,28
BRDA:55,18,0,20
BRDA:56,19,0,18
BRDA:78,20,0,18
BRDA:111,21,0,76
BRDA:113,22,0,2
BRDA:136,23,0,5
BRDA:156,24,0,56
BRDA:174,25,0,2
BRF:26
BRH:25
end_of_record
TN:
SF:src\LoginPage.jsx
FN:82,Icon
FN:89,LoginPage
FN:153,handleLogin
FN:273,onChange
FN:282,onChange
FN:283,onClick
FN:295,onChange
FNF:7
FNH:7
FNDA:392,Icon
FNDA:65,LoginPage
FNDA:10,handleLogin
FNDA:10,onChange
FNDA:10,onChange
FNDA:1,onClick
FNDA:1,onChange
DA:1,1
DA:4,1
DA:5,1
DA:6,1
DA:7,1
DA:8,1
DA:9,1
DA:10,1
DA:11,1
DA:12,1
DA:13,1
DA:14,1
DA:15,1
DA:16,1
DA:17,1
DA:18,1
DA:20,1
DA:21,1
DA:22,1
DA:23,1
DA:24,1
DA:25,1
DA:27,1
DA:28,1
DA:29,1
DA:35,1
DA:36,1
DA:37,1
DA:40,1
DA:41,1
DA:45,1
DA:47,1
DA:54,1
DA:55,1
DA:59,1
DA:63,1
DA:66,1
DA:69,1
DA:78,1
DA:79,1
DA:80,1
DA:82,1
DA:83,392
DA:84,392
DA:85,392
DA:89,1
DA:90,65
DA:91,65
DA:92,65
DA:93,65
DA:94,65
DA:95,65
DA:97,65
DA:98,26
DA:99,26
DA:101,26
DA:102,26
DA:103,26
DA:104,26
DA:106,26
DA:107,26
DA:108,26
DA:109,26
DA:111,26
DA:112,26
DA:113,26
DA:114,26
DA:115,26
DA:116,26
DA:117,65
DA:153,65
DA:154,10
DA:155,10
DA:156,10
DA:157,10
DA:158,10
DA:159,10
DA:160,10
DA:161,10
DA:162,10
DA:163,8
DA:165,10
DA:166,1
DA:167,1
DA:168,1
DA:171,10
DA:172,7
DA:173,7
DA:174,7
DA:175,7
DA:177,7
DA:179,10
DA:180,7
DA:181,7
DA:182,7
DA:184,7
DA:185,10
DA:186,1
DA:187,10
DA:188,9
DA:189,9
DA:190,10
DA:194,65
DA:195,65
DA:196,65
DA:197,65
DA:198,65
DA:200,65
DA:201,65
DA:204,65
DA:207,65
DA:208,65
DA:210,65
DA:212,65
DA:213,65
DA:214,65
DA:215,65
DA:216,65
DA:217,65
DA:220,65
DA:221,65
DA:222,65
DA:223,65
DA:224,65
DA:226,65
DA:229,65
DA:230,65
DA:231,195
DA:232,195
DA:233,195
DA:234,195
DA:235,195
DA:236,195
DA:237,195
DA:238,195
DA:239,195
DA:240,65
DA:241,65
DA:242,65
DA:243,65
DA:246,65
DA:249,65
DA:250,65
DA:251,65
DA:252,65
DA:253,65
DA:254,65
DA:257,65
DA:260,65
DA:261,65
DA:262,65
DA:263,65
DA:264,65
DA:267,65
DA:270,65
DA:271,65
DA:272,65
DA:273,65
DA:274,65
DA:277,65
DA:278,65
DA:279,65
DA:280,65
DA:281,65
DA:282,65
DA:283,65
DA:284,65
DA:285,1
DA:286,64
DA:288,65
DA:289,65
DA:290,65
DA:293,65
DA:294,65
DA:295,65
DA:297,65
DA:298,65
DA:299,65
DA:302,65
DA:303,2
DA:304,2
DA:305,2
DA:306,2
DA:310,65
DA:311,65
DA:312,65
DA:313,65
DA:316,65
DA:317,65
DA:318,65
DA:320,65
DA:321,65
DA:323,65
DA:324,65
DA:325,65
DA:327,65
DA:329,1
LF:197
LH:197
BRDA:82,0,0,392
BRDA:89,1,0,65
BRDA:280,2,0,1
BRDA:280,3,0,64
BRDA:284,4,0,1
BRDA:285,5,0,64
BRDA:302,6,0,2
BRDA:311,7,0,10
BRDA:311,8,0,55
BRDA:97,9,0,26
BRDA:111,10,0,26
BRDA:153,11,0,10
BRDA:162,12,0,8
BRDA:165,13,0,1
BRDA:166,14,0,0
BRDA:168,15,0,7
BRDA:171,16,0,7
BRDA:174,17,0,1
BRDA:175,18,0,6
BRDA:179,19,0,7
BRDA:180,20,0,0
BRDA:181,21,0,0
BRDA:185,22,0,1
BRDA:187,23,0,8
BRDA:187,24,0,9
BRDA:230,25,0,195
BRDA:273,26,0,10
BRDA:282,27,0,10
BRDA:283,28,0,1
BRDA:283,29,0,1
BRDA:295,30,0,1
BRF:31
BRH:28
end_of_record
TN:
SF:src\ResultsPage.jsx
FN:196,Icon
FN:202,makeCardId
FN:206,toLearnedMap
FN:212,normalizeFlashcards
FN:227,serializeFlashcards
FN:235,CardModal
FN:246,onChange
FN:252,onClick
FN:259,PreviewCard
FN:264,onClick
FN:278,RichTextEditor
FN:301,handler
FN:312,exec
FN:318,updateFormats
FN:325,handleInput
FN:333,handleKeyUp
FN:334,handleMouseUp
FN:336,handleSave
FN:341,toolbar
FN:344,onMouseDown
FN:346,onMouseDown
FN:348,onMouseDown
FN:349,onMouseDown
FN:350,onMouseDown
FN:352,onMouseDown
FN:353,onMouseDown
FN:355,onMouseDown
FN:356,onMouseDown
FN:359,onMouseDown
FN:369,statusBar
FN:416,ScanViewPage
FN:453,ImagePane
FN:489,ResultsPage
FN:578,handler
FN:586,saveEdit
FN:596,persistFlashcards
FN:608,updateCards
FN:623,generateAiContent
FN:658,handleExportCopy
FN:659,handleExportTXT
FN:666,handleExportPDF
FN:680,onBack
FN:699,onClick
FN:727,onClick
FN:764,onChange
FN:779,onClick
FN:801,onClick
FN:808,onClick
FN:817,onExpand
FN:823,onToggleFullscreen
FN:824,onSave
FN:831,onExpand
FN:840,onToggleFullscreen
FN:841,onSave
FN:855,onClick
FN:878,onClick
FN:882,onClick
FN:911,onSave
FN:913,updateCards.persist
FN:916,onClose
FNF:60
FNH:31
FNDA:2122,Icon
FNDA:1,makeCardId
FNDA:36,toLearnedMap
FNDA:37,normalizeFlashcards
FNDA:1,serializeFlashcards
FNDA:7,CardModal
FNDA:2,onChange
FNDA:1,onClick
FNDA:33,PreviewCard
FNDA:0,onClick
FNDA:160,RichTextEditor
FNDA:2,handler
FNDA:0,exec
FNDA:0,updateFormats
FNDA:0,handleInput
FNDA:0,handleKeyUp
FNDA:0,handleMouseUp
FNDA:0,handleSave
FNDA:160,toolbar
FNDA:0,onMouseDown
FNDA:0,onMouseDown
FNDA:0,onMouseDown
FNDA:0,onMouseDown
FNDA:0,onMouseDown
FNDA:0,onMouseDown
FNDA:0,onMouseDown
FNDA:0,onMouseDown
FNDA:0,onMouseDown
FNDA:0,onMouseDown
FNDA:160,statusBar
FNDA:0,ScanViewPage
FNDA:114,ImagePane
FNDA:143,ResultsPage
FNDA:1,handler
FNDA:0,saveEdit
FNDA:1,persistFlashcards
FNDA:1,updateCards
FNDA:3,generateAiContent
FNDA:1,handleExportCopy
FNDA:0,handleExportTXT
FNDA:0,handleExportPDF
FNDA:0,onBack
FNDA:3,onClick
FNDA:3,onClick
FNDA:1,onChange
FNDA:14,onClick
FNDA:3,onClick
FNDA:0,onClick
FNDA:0,onExpand
FNDA:0,onToggleFullscreen
FNDA:0,onSave
FNDA:0,onExpand
FNDA:0,onToggleFullscreen
FNDA:0,onSave
FNDA:2,onClick
FNDA:1,onClick
FNDA:4,onClick
FNDA:1,onSave
FNDA:1,updateCards.persist
FNDA:1,onClose
DA:1,1
DA:2,1
DA:5,1
DA:6,1
DA:7,1
DA:8,1
DA:9,1
DA:10,1
DA:11,1
DA:12,1
DA:13,1
DA:14,1
DA:15,1
DA:16,1
DA:17,1
DA:18,1
DA:19,1
DA:20,1
DA:21,1
DA:23,1
DA:24,1
DA:25,1
DA:26,1
DA:27,1
DA:28,1
DA:30,1
DA:31,1
DA:39,1
DA:40,1
DA:44,1
DA:46,1
DA:47,1
DA:54,1
DA:55,1
DA:59,1
DA:62,1
DA:70,1
DA:71,1
DA:75,1
DA:76,1
DA:81,1
DA:82,1
DA:87,1
DA:88,1
DA:92,1
DA:93,1
DA:98,1
DA:99,1
DA:100,1
DA:103,1
DA:107,1
DA:108,1
DA:115,1
DA:116,1
DA:117,1
DA:118,1
DA:121,1
DA:124,1
DA:127,1
DA:129,1
DA:130,1
DA:134,1
DA:135,1
DA:138,1
DA:148,1
DA:156,1
DA:159,1
DA:160,1
DA:164,1
DA:165,1
DA:167,1
DA:168,1
DA:185,1
DA:187,1
DA:188,1
DA:189,1
DA:190,1
DA:191,1
DA:192,1
DA:194,1
DA:196,1
DA:197,2122
DA:198,2122
DA:199,2122
DA:202,1
DA:203,1
DA:204,1
DA:206,36
DA:207,36
DA:208,36
DA:209,36
DA:210,36
DA:212,37
DA:213,37
DA:214,37
DA:215,67
DA:216,67
DA:217,67
DA:218,67
DA:219,67
DA:220,67
DA:221,67
DA:222,67
DA:223,37
DA:224,37
DA:225,37
DA:227,1
DA:228,1
DA:229,3
DA:230,3
DA:231,3
DA:232,1
DA:233,1
DA:235,7
DA:236,7
DA:237,7
DA:238,7
DA:239,7
DA:240,7
DA:241,7
DA:242,7
DA:243,7
DA:244,14
DA:245,14
DA:246,14
DA:247,14
DA:248,14
DA:249,7
DA:250,7
DA:251,7
DA:252,7
DA:253,7
DA:254,7
DA:255,7
DA:257,7
DA:259,33
DA:260,33
DA:261,33
DA:262,33
DA:263,33
DA:264,33
DA:265,33
DA:266,33
DA:267,33
DA:268,33
DA:269,33
DA:270,33
DA:271,33
DA:272,33
DA:273,33
DA:274,33
DA:276,33
DA:278,160
DA:279,160
DA:280,160
DA:281,160
DA:282,160
DA:283,160
DA:285,160
DA:286,83
DA:287,83
DA:288,83
DA:289,83
DA:290,83
DA:291,83
DA:292,83
DA:293,83
DA:294,83
DA:295,83
DA:296,83
DA:297,83
DA:298,160
DA:300,160
DA:301,114
DA:302,114
DA:303,114
DA:304,160
DA:306,160
DA:307,52
DA:308,0
DA:309,0
DA:310,160
DA:312,160
DA:313,0
DA:314,0
DA:315,0
DA:316,0
DA:318,160
DA:319,0
DA:320,0
DA:321,0
DA:322,0
DA:323,0
DA:325,160
DA:326,0
DA:327,0
DA:328,0
DA:329,0
DA:330,0
DA:331,0
DA:333,160
DA:334,160
DA:336,160
DA:337,0
DA:338,0
DA:339,0
DA:341,160
DA:342,160
DA:343,160
DA:344,480
DA:345,160
DA:346,160
DA:347,160
DA:348,160
DA:349,160
DA:350,160
DA:351,160
DA:352,160
DA:353,160
DA:354,160
DA:355,160
DA:356,160
DA:357,160
DA:358,160
DA:359,160
DA:360,160
DA:361,0
DA:362,160
DA:364,160
DA:365,160
DA:366,160
DA:369,160
DA:370,160
DA:371,160
DA:372,160
DA:373,160
DA:374,160
DA:375,160
DA:377,160
DA:378,160
DA:379,160
DA:382,160
DA:383,160
DA:384,160
DA:385,160
DA:386,160
DA:387,160
DA:388,160
DA:389,160
DA:390,160
DA:391,160
DA:393,160
DA:394,0
DA:395,0
DA:396,0
DA:397,0
DA:398,0
DA:399,0
DA:400,0
DA:401,0
DA:402,0
DA:403,0
DA:404,0
DA:406,160
DA:407,160
DA:408,160
DA:409,160
DA:410,160
DA:411,160
DA:413,160
DA:416,0
DA:417,0
DA:419,0
DA:420,0
DA:421,0
DA:422,0
DA:423,0
DA:424,0
DA:425,0
DA:426,0
DA:427,0
DA:428,0
DA:429,0
DA:430,0
DA:431,0
DA:432,0
DA:433,0
DA:434,0
DA:435,0
DA:436,0
DA:437,0
DA:438,0
DA:440,0
DA:441,0
DA:442,0
DA:443,0
DA:444,0
DA:445,0
DA:447,0
DA:448,0
DA:450,0
DA:453,114
DA:454,114
DA:455,114
DA:456,114
DA:457,114
DA:458,114
DA:459,114
DA:460,41
DA:461,41
DA:463,41
DA:465,114
DA:466,114
DA:467,114
DA:468,41
DA:470,73
DA:471,73
DA:472,73
DA:473,73
DA:474,73
DA:475,73
DA:477,114
DA:478,114
DA:480,114
DA:482,1
DA:483,1
DA:484,1
DA:485,1
DA:486,1
DA:489,1
DA:490,143
DA:491,143
DA:492,143
DA:493,143
DA:494,143
DA:495,143
DA:496,143
DA:497,143
DA:498,143
DA:499,143
DA:500,143
DA:501,143
DA:502,143
DA:503,143
DA:504,143
DA:505,143
DA:506,143
DA:508,143
DA:509,143
DA:510,143
DA:511,4
DA:512,139
DA:514,143
DA:515,143
DA:516,143
DA:517,143
DA:518,143
DA:519,143
DA:521,143
DA:523,143
DA:524,51
DA:526,34
DA:527,1
DA:528,1
DA:529,1
DA:530,32
DA:531,32
DA:532,32
DA:533,32
DA:534,32
DA:535,32
DA:536,32
DA:537,32
DA:538,32
DA:539,1
DA:540,32
DA:542,32
DA:543,32
DA:544,32
DA:545,32
DA:546,32
DA:548,32
DA:549,32
DA:550,32
DA:558,32
DA:559,32
DA:560,32
DA:561,32
DA:562,32
DA:565,32
DA:566,31
DA:567,31
DA:568,31
DA:569,31
DA:570,31
DA:571,31
DA:572,31
DA:573,32
DA:574,32
DA:575,143
DA:577,143
DA:578,51
DA:579,1
DA:580,1
DA:581,1
DA:582,51
DA:583,51
DA:584,143
DA:586,143
DA:587,0
DA:588,0
DA:589,0
DA:590,0
DA:591,0
DA:592,0
DA:593,0
DA:594,0
DA:596,143
DA:597,1
DA:598,1
DA:599,1
DA:600,1
DA:601,1
DA:602,1
DA:603,1
DA:604,1
DA:605,1
DA:606,1
DA:608,143
DA:609,1
DA:610,1
DA:611,1
DA:612,1
DA:613,1
DA:614,1
DA:615,1
DA:616,1
DA:617,1
DA:618,0
DA:619,1
DA:620,0
DA:621,1
DA:623,143
DA:624,3
DA:625,3
DA:626,0
DA:627,0
DA:628,0
DA:629,0
DA:630,0
DA:631,3
DA:632,3
DA:633,3
DA:634,3
DA:635,3
DA:636,3
DA:637,3
DA:638,3
DA:639,2
DA:640,3
DA:641,3
DA:642,2
DA:643,2
DA:644,2
DA:645,2
DA:646,2
DA:647,3
DA:648,1
DA:649,1
DA:650,1
DA:651,3
DA:652,3
DA:653,3
DA:654,3
DA:655,3
DA:656,3
DA:658,143
DA:659,143
DA:660,0
DA:661,0
DA:662,0
DA:663,0
DA:664,0
DA:665,0
DA:666,143
DA:667,0
DA:668,0
DA:669,0
DA:670,0
DA:672,143
DA:673,143
DA:675,143
DA:676,0
DA:677,0
DA:678,0
DA:679,0
DA:680,0
DA:681,0
DA:683,0
DA:685,143
DA:686,143
DA:689,143
DA:690,143
DA:691,143
DA:692,143
DA:693,143
DA:694,143
DA:696,143
DA:697,143
DA:698,143
DA:699,143
DA:700,143
DA:702,143
DA:703,143
DA:704,143
DA:705,3
DA:706,3
DA:707,3
DA:709,3
DA:710,3
DA:711,3
DA:713,3
DA:714,3
DA:715,3
DA:717,3
DA:718,3
DA:720,143
DA:723,143
DA:724,143
DA:725,143
DA:726,143
DA:727,143
DA:728,3
DA:730,2
DA:743,3
DA:744,0
DA:745,0
DA:747,2
DA:748,2
DA:749,3
DA:751,143
DA:752,2
DA:753,141
DA:755,143
DA:756,143
DA:757,143
DA:760,143
DA:761,143
DA:762,143
DA:763,143
DA:764,143
DA:765,143
DA:766,143
DA:767,143
DA:768,70
DA:769,70
DA:770,70
DA:772,143
DA:775,143
DA:776,143
DA:777,429
DA:778,429
DA:779,429
DA:780,429
DA:782,429
DA:783,429
DA:784,429
DA:785,143
DA:787,429
DA:788,143
DA:789,143
DA:790,143
DA:793,143
DA:794,143
DA:797,143
DA:798,116
DA:799,116
DA:800,116
DA:801,348
DA:802,348
DA:803,348
DA:804,348
DA:805,116
DA:806,116
DA:807,116
DA:808,0
DA:809,0
DA:810,0
DA:811,0
DA:813,116
DA:815,116
DA:816,114
DA:817,114
DA:818,114
DA:819,114
DA:820,114
DA:821,114
DA:822,114
DA:823,114
DA:824,114
DA:825,114
DA:826,114
DA:827,114
DA:830,116
DA:831,1
DA:834,116
DA:835,1
DA:836,1
DA:837,1
DA:838,1
DA:839,1
DA:840,1
DA:841,1
DA:842,1
DA:843,1
DA:845,116
DA:849,143
DA:850,9
DA:851,9
DA:852,9
DA:853,9
DA:854,9
DA:855,9
DA:856,9
DA:857,9
DA:859,9
DA:860,9
DA:861,9
DA:862,9
DA:863,9
DA:864,1
DA:865,1
DA:866,1
DA:868,9
DA:869,9
DA:870,9
DA:871,9
DA:875,143
DA:876,18
DA:877,18
DA:878,18
DA:879,18
DA:880,18
DA:881,18
DA:882,18
DA:883,18
DA:885,18
DA:886,18
DA:888,18
DA:889,0
DA:890,0
DA:891,0
DA:894,18
DA:895,2
DA:897,2
DA:899,16
DA:900,16
DA:901,16
DA:903,18
DA:906,143
DA:907,143
DA:909,143
DA:910,5
DA:911,5
DA:912,1
DA:913,1
DA:914,1
DA:915,1
DA:916,5
DA:917,5
DA:919,143
DA:921,143
DA:923,1
LF:673
LH:569
BRDA:26,0,0,1
BRDA:194,1,0,0
BRDA:196,2,0,2122
BRDA:202,3,0,1
BRDA:206,4,0,36
BRDA:208,5,0,0
BRDA:208,6,0,6
BRDA:208,7,0,0
BRDA:212,8,0,37
BRDA:213,9,0,0
BRDA:214,10,0,67
BRDA:215,11,0,0
BRDA:215,12,0,0
BRDA:219,13,0,0
BRDA:220,14,0,0
BRDA:221,15,0,61
BRDA:224,16,0,67
BRDA:224,17,0,0
BRDA:227,18,0,1
BRDA:228,19,0,3
BRDA:235,20,0,7
BRDA:238,21,0,3
BRDA:252,22,0,2
BRDA:252,23,0,5
BRDA:243,24,0,14
BRDA:246,25,0,2
BRDA:252,26,0,1
BRDA:259,27,0,33
BRDA:264,28,0,0
BRDA:278,29,0,160
BRDA:384,30,0,0
BRDA:393,31,0,0
BRDA:285,32,0,83
BRDA:286,33,0,0
BRDA:287,34,0,51
BRDA:296,35,0,51
BRDA:290,36,0,83
BRDA:292,37,0,51
BRDA:300,38,0,114
BRDA:301,39,0,2
BRDA:301,40,0,0
BRDA:301,41,0,0
BRDA:303,42,0,114
BRDA:306,43,0,52
BRDA:307,44,0,0
BRDA:341,45,0,160
BRDA:342,46,0,0
BRDA:348,47,0,0
BRDA:349,48,0,0
BRDA:352,49,0,0
BRDA:353,50,0,0
BRDA:359,51,0,0
BRDA:360,52,0,0
BRDA:364,53,0,0
BRDA:343,54,0,480
BRDA:369,55,0,160
BRDA:373,56,0,0
BRDA:453,57,0,114
BRDA:454,58,0,73
BRDA:459,59,0,41
BRDA:467,60,0,41
BRDA:468,61,0,73
BRDA:489,62,0,143
BRDA:508,63,0,141
BRDA:510,64,0,4
BRDA:511,65,0,139
BRDA:673,66,0,58
BRDA:673,67,0,85
BRDA:675,68,0,0
BRDA:704,69,0,3
BRDA:726,70,0,2
BRDA:726,71,0,141
BRDA:751,72,0,2
BRDA:752,73,0,141
BRDA:767,74,0,70
BRDA:797,75,0,116
BRDA:807,76,0,0
BRDA:815,77,0,114
BRDA:830,78,0,1
BRDA:834,79,0,1
BRDA:849,80,0,9
BRDA:854,81,0,3
BRDA:854,82,0,6
BRDA:856,83,0,7
BRDA:857,84,0,3
BRDA:857,85,0,6
BRDA:860,86,0,2
BRDA:860,87,0,7
BRDA:860,88,0,3
BRDA:860,89,0,4
BRDA:863,90,0,1
BRDA:869,91,0,6
BRDA:875,92,0,18
BRDA:878,93,0,16
BRDA:878,94,0,2
BRDA:878,95,0,17
BRDA:878,96,0,16
BRDA:878,97,0,2
BRDA:880,98,0,1
BRDA:880,99,0,17
BRDA:880,100,0,16
BRDA:880,101,0,1
BRDA:888,102,0,0
BRDA:894,103,0,2
BRDA:897,104,0,16
BRDA:909,105,0,5
BRDA:521,106,0,87
BRDA:523,107,0,51
BRDA:524,108,0,19
BRDA:524,109,0,34
BRDA:524,110,0,32
BRDA:526,111,0,1
BRDA:529,112,0,32
BRDA:531,113,0,32
BRDA:533,114,0,0
BRDA:536,115,0,32
BRDA:538,116,0,31
BRDA:538,117,0,1
BRDA:542,118,0,31
BRDA:542,119,0,1
BRDA:543,120,0,1
BRDA:543,121,0,0
BRDA:543,122,0,1
BRDA:544,123,0,4
BRDA:544,124,0,3
BRDA:545,125,0,0
BRDA:545,126,0,0
BRDA:558,127,0,0
BRDA:565,128,0,31
BRDA:567,129,0,0
BRDA:569,130,0,0
BRDA:571,131,0,0
BRDA:577,132,0,51
BRDA:578,133,0,1
BRDA:583,134,0,51
BRDA:596,135,0,1
BRDA:597,136,0,0
BRDA:600,137,0,0
BRDA:602,138,0,0
BRDA:608,139,0,1
BRDA:610,140,0,0
BRDA:617,141,0,0
BRDA:619,142,0,0
BRDA:623,143,0,3
BRDA:624,144,0,0
BRDA:625,145,0,0
BRDA:631,146,0,2
BRDA:632,147,0,1
BRDA:633,148,0,0
BRDA:638,149,0,1
BRDA:638,150,0,0
BRDA:638,151,0,2
BRDA:640,152,0,2
BRDA:641,153,0,2
BRDA:647,154,0,1
BRDA:649,155,0,0
BRDA:650,156,0,0
BRDA:652,157,0,2
BRDA:653,158,0,1
BRDA:654,159,0,0
BRDA:646,160,0,2
BRDA:646,161,0,0
BRDA:658,162,0,1
BRDA:672,163,0,116
BRDA:699,164,0,3
BRDA:699,165,0,3
BRDA:727,166,0,3
BRDA:728,167,0,1
BRDA:728,168,0,2
BRDA:743,169,0,0
BRDA:745,170,0,2
BRDA:764,171,0,1
BRDA:776,172,0,429
BRDA:778,173,0,143
BRDA:778,174,0,286
BRDA:780,175,0,143
BRDA:780,176,0,286
BRDA:780,177,0,143
BRDA:780,178,0,286
BRDA:780,179,0,143
BRDA:780,180,0,286
BRDA:784,181,0,143
BRDA:779,182,0,14
BRDA:800,183,0,348
BRDA:802,184,0,116
BRDA:802,185,0,232
BRDA:802,186,0,116
BRDA:802,187,0,232
BRDA:802,188,0,116
BRDA:802,189,0,232
BRDA:801,190,0,3
BRDA:855,191,0,2
BRDA:878,192,0,1
BRDA:882,193,0,4
BRDA:900,194,0,33
BRDA:911,195,0,1
BRDA:913,196,0,1
BRDA:916,197,0,1
BRF:198
BRH:147
end_of_record
TN:
SF:src\SettingsPage.jsx
FN:36,Icon
FN:42,SettingsPage
FN:51,getUserInfo
FN:85,handleChangePassword
FN:100,handleDeleteAccount
FN:173,onMouseEnter
FN:174,onMouseLeave
FN:206,onClick
FN:212,onChange
FN:217,onChange
FN:221,onChange
FN:249,onClick
FN:251,onMouseEnter
FN:252,onMouseLeave
FN:271,onChange
FN:280,onClick
FNF:16
FNH:3
FNDA:2,Icon
FNDA:1,SettingsPage
FNDA:1,getUserInfo
FNDA:0,handleChangePassword
FNDA:0,handleDeleteAccount
FNDA:0,onMouseEnter
FNDA:0,onMouseLeave
FNDA:0,onClick
FNDA:0,onChange
FNDA:0,onChange
FNDA:0,onChange
FNDA:0,onClick
FNDA:0,onMouseEnter
FNDA:0,onMouseLeave
FNDA:0,onChange
FNDA:0,onClick
DA:1,1
DA:3,1
DA:4,1
DA:5,1
DA:6,1
DA:7,1
DA:8,1
DA:9,1
DA:10,1
DA:11,1
DA:12,1
DA:13,1
DA:14,1
DA:15,1
DA:16,1
DA:17,1
DA:18,1
DA:19,1
DA:20,1
DA:21,1
DA:23,1
DA:24,1
DA:25,1
DA:26,1
DA:27,1
DA:28,1
DA:29,1
DA:30,1
DA:31,1
DA:32,1
DA:33,1
DA:34,1
DA:36,1
DA:37,2
DA:38,2
DA:39,2
DA:42,1
DA:43,1
DA:44,1
DA:45,1
DA:46,1
DA:47,1
DA:48,1
DA:51,1
DA:52,1
DA:53,1
DA:54,1
DA:55,0
DA:56,0
DA:57,1
DA:58,0
DA:59,0
DA:60,0
DA:61,0
DA:62,0
DA:63,0
DA:64,1
DA:65,0
DA:66,1
DA:68,1
DA:69,1
DA:70,1
DA:73,1
DA:74,1
DA:75,1
DA:77,1
DA:78,1
DA:79,1
DA:80,1
DA:81,1
DA:82,1
DA:85,1
DA:86,0
DA:87,0
DA:88,0
DA:89,0
DA:90,0
DA:91,0
DA:92,0
DA:93,0
DA:94,0
DA:95,0
DA:96,0
DA:97,0
DA:100,1
DA:101,0
DA:102,0
DA:103,0
DA:104,0
DA:105,0
DA:106,0
DA:107,0
DA:108,0
DA:109,0
DA:110,0
DA:111,0
DA:112,0
DA:113,0
DA:116,1
DA:117,1
DA:118,1
DA:119,1
DA:120,1
DA:121,1
DA:122,1
DA:123,1
DA:124,1
DA:125,1
DA:126,1
DA:127,1
DA:128,1
DA:129,1
DA:130,1
DA:131,1
DA:132,1
DA:133,1
DA:134,1
DA:135,1
DA:136,1
DA:137,1
DA:138,1
DA:139,1
DA:140,1
DA:141,1
DA:142,1
DA:143,1
DA:144,1
DA:145,1
DA:147,1
DA:148,1
DA:151,1
DA:152,1
DA:153,1
DA:154,1
DA:157,1
DA:160,1
DA:161,1
DA:162,1
DA:163,1
DA:164,1
DA:165,1
DA:166,1
DA:167,1
DA:169,1
DA:170,1
DA:171,1
DA:172,1
DA:173,1
DA:174,1
DA:175,1
DA:177,1
DA:178,1
DA:181,1
DA:182,1
DA:183,4
DA:184,4
DA:185,4
DA:186,4
DA:187,1
DA:188,1
DA:189,1
DA:192,1
DA:195,1
DA:196,1
DA:197,1
DA:198,1
DA:199,1
DA:200,1
DA:201,0
DA:202,0
DA:203,0
DA:204,0
DA:205,0
DA:206,0
DA:207,0
DA:209,1
DA:210,1
DA:211,1
DA:212,1
DA:213,1
DA:214,1
DA:215,1
DA:216,1
DA:217,1
DA:218,1
DA:219,1
DA:220,1
DA:221,1
DA:222,1
DA:223,1
DA:224,1
DA:225,0
DA:227,1
DA:228,1
DA:229,1
DA:230,1
DA:231,1
DA:232,1
DA:234,1
DA:235,1
DA:238,1
DA:241,1
DA:242,1
DA:243,1
DA:244,1
DA:245,1
DA:246,1
DA:247,1
DA:248,1
DA:249,1
DA:250,1
DA:251,1
DA:252,1
DA:254,1
DA:256,1
DA:258,1
DA:261,1
DA:262,0
DA:263,0
DA:264,0
DA:265,0
DA:266,0
DA:267,0
DA:268,0
DA:269,0
DA:270,0
DA:271,0
DA:272,0
DA:273,0
DA:274,0
DA:275,0
DA:276,0
DA:277,0
DA:279,0
DA:280,0
DA:281,0
DA:282,0
DA:283,0
DA:284,0
DA:285,0
DA:287,0
DA:289,0
DA:290,0
DA:291,0
DA:293,1
DA:295,1
DA:297,1
DA:299,1
LF:248
LH:179
BRDA:36,0,0,2
BRDA:42,1,0,1
BRDA:69,2,0,0
BRDA:69,3,0,0
BRDA:70,4,0,0
BRDA:81,5,0,0
BRDA:200,6,0,0
BRDA:224,7,0,0
BRDA:261,8,0,0
BRDA:51,9,0,1
BRDA:52,10,0,0
BRDA:53,11,0,0
BRDA:54,12,0,0
BRDA:54,13,0,0
BRDA:57,14,0,0
BRDA:64,15,0,0
BRDA:70,16,0,2
BRDA:182,17,0,4
BRDA:183,18,0,3
BRDA:183,19,0,1
BRF:20
BRH:7
end_of_record
TN:
SF:src\SignUp.jsx
FN:19,Icon
FN:31,SignUp
FN:72,handleInputChange
FN:108,handleSignUp
FN:135,EyeToggle
FN:140,onMouseEnter
FN:141,onMouseLeave
FN:189,onMouseEnter
FN:190,onMouseLeave
FN:210,onFocus
FN:211,onBlur
FN:220,onFocus
FN:221,onBlur
FN:231,onFocus
FN:232,onBlur
FN:233,onToggle
FN:245,onFocus
FN:246,onBlur
FN:247,onToggle
FN:265,onMouseEnter
FN:266,onMouseLeave
FNF:21
FNH:5
FNDA:254,Icon
FNDA:68,SignUp
FNDA:38,handleInputChange
FNDA:10,handleSignUp
FNDA:124,EyeToggle
FNDA:0,onMouseEnter
FNDA:0,onMouseLeave
FNDA:0,onMouseEnter
FNDA:0,onMouseLeave
FNDA:0,onFocus
FNDA:0,onBlur
FNDA:0,onFocus
FNDA:0,onBlur
FNDA:0,onFocus
FNDA:0,onBlur
FNDA:0,onToggle
FNDA:0,onFocus
FNDA:0,onBlur
FNDA:0,onToggle
FNDA:0,onMouseEnter
FNDA:0,onMouseLeave
DA:1,1
DA:3,1
DA:4,1
DA:5,1
DA:6,1
DA:7,1
DA:8,1
DA:9,1
DA:10,1
DA:11,1
DA:12,1
DA:13,1
DA:14,1
DA:15,1
DA:16,1
DA:17,1
DA:19,1
DA:20,254
DA:21,254
DA:22,254
DA:25,1
DA:26,1
DA:27,1
DA:28,1
DA:29,1
DA:31,1
DA:32,68
DA:33,68
DA:34,68
DA:35,68
DA:36,68
DA:37,68
DA:39,68
DA:40,18
DA:41,18
DA:43,18
DA:44,18
DA:45,18
DA:46,18
DA:48,18
DA:49,18
DA:50,18
DA:51,18
DA:53,18
DA:54,18
DA:55,18
DA:56,18
DA:58,18
DA:59,18
DA:60,18
DA:62,18
DA:63,18
DA:64,18
DA:65,18
DA:66,18
DA:67,18
DA:68,18
DA:69,18
DA:70,68
DA:72,68
DA:73,38
DA:74,38
DA:75,38
DA:108,68
DA:109,10
DA:110,10
DA:111,10
DA:112,10
DA:113,10
DA:114,10
DA:116,6
DA:117,6
DA:118,6
DA:119,6
DA:120,6
DA:121,6
DA:122,6
DA:123,6
DA:124,6
DA:125,6
DA:126,5
DA:127,10
DA:128,10
DA:129,4
DA:130,10
DA:131,1
DA:132,1
DA:133,10
DA:135,68
DA:136,124
DA:137,124
DA:138,124
DA:139,124
DA:140,124
DA:141,124
DA:142,124
DA:143,0
DA:145,124
DA:147,124
DA:150,68
DA:151,68
DA:154,68
DA:155,68
DA:156,68
DA:158,68
DA:159,68
DA:161,68
DA:162,68
DA:163,68
DA:164,68
DA:165,68
DA:166,68
DA:167,68
DA:169,68
DA:170,68
DA:171,68
DA:172,68
DA:174,68
DA:177,68
DA:178,68
DA:181,68
DA:182,68
DA:185,68
DA:186,68
DA:187,68
DA:188,68
DA:189,68
DA:190,68
DA:191,68
DA:192,68
DA:194,68
DA:197,68
DA:198,68
DA:199,68
DA:200,68
DA:202,68
DA:205,68
DA:206,68
DA:207,68
DA:208,68
DA:209,68
DA:210,68
DA:211,68
DA:212,68
DA:215,68
DA:216,68
DA:217,68
DA:218,68
DA:219,68
DA:220,68
DA:221,68
DA:222,68
DA:225,68
DA:226,68
DA:227,68
DA:228,68
DA:229,68
DA:230,68
DA:231,68
DA:232,68
DA:233,68
DA:234,68
DA:235,68
DA:236,68
DA:239,68
DA:240,68
DA:241,68
DA:242,68
DA:243,68
DA:244,68
DA:245,68
DA:246,68
DA:247,68
DA:248,68
DA:249,68
DA:252,68
DA:253,6
DA:254,6
DA:255,6
DA:256,6
DA:257,6
DA:261,68
DA:262,68
DA:263,68
DA:264,68
DA:265,68
DA:266,68
DA:268,68
DA:269,68
DA:272,68
DA:273,68
DA:274,68
DA:275,68
DA:277,68
DA:278,68
DA:279,68
DA:280,68
DA:281,68
DA:283,68
DA:285,1
LF:200
LH:199
BRDA:19,0,0,254
BRDA:31,1,0,68
BRDA:228,2,0,0
BRDA:242,3,0,0
BRDA:252,4,0,6
BRDA:39,5,0,18
BRDA:62,6,0,18
BRDA:72,7,0,38
BRDA:74,8,0,38
BRDA:108,9,0,10
BRDA:111,10,0,1
BRDA:111,11,0,9
BRDA:112,12,0,1
BRDA:112,13,0,8
BRDA:113,14,0,1
BRDA:113,15,0,7
BRDA:114,16,0,1
BRDA:114,17,0,6
BRDA:125,18,0,5
BRDA:127,19,0,1
BRDA:127,20,0,0
BRDA:127,21,0,4
BRDA:128,22,0,4
BRDA:130,23,0,1
BRDA:135,24,0,124
BRDA:142,25,0,0
BRF:26
BRH:22
end_of_record
TN:
SF:src\UploadPage.jsx
FN:92,Icon
FN:99,StepRow
FN:134,UploadPage
FN:148,setStep
FN:152,parseFiles
FN:160,handleFileUpload
FN:163,handleDrag
FN:169,handleDrop
FN:176,removeFile
FN:179,uploadOne
FN:209,handleProcessNotes
FN:355,onClick
FN:362,onClick
FNF:13
FNH:10
FNDA:176,Icon
FNDA:52,StepRow
FNDA:57,UploadPage
FNDA:22,setStep
FNDA:15,parseFiles
FNDA:15,handleFileUpload
FNDA:3,handleDrag
FNDA:0,handleDrop
FNDA:2,removeFile
FNDA:6,uploadOne
FNDA:6,handleProcessNotes
FNDA:0,onClick
FNDA:0,onClick
DA:1,1
DA:2,1
DA:5,1
DA:6,1
DA:7,1
DA:8,1
DA:9,1
DA:10,1
DA:11,1
DA:12,1
DA:13,1
DA:14,1
DA:15,1
DA:16,1
DA:17,1
DA:18,1
DA:19,1
DA:20,1
DA:21,1
DA:23,1
DA:24,1
DA:25,1
DA:26,1
DA:27,2
DA:28,2
DA:30,1
DA:31,1
DA:32,1
DA:34,1
DA:38,1
DA:43,1
DA:44,1
DA:47,1
DA:49,1
DA:56,1
DA:58,1
DA:62,1
DA:65,1
DA:66,1
DA:73,1
DA:75,1
DA:88,1
DA:89,1
DA:90,1
DA:92,1
DA:93,176
DA:94,176
DA:95,176
DA:99,1
DA:100,52
DA:101,52
DA:102,52
DA:103,52
DA:104,52
DA:105,52
DA:106,52
DA:107,52
DA:108,52
DA:109,52
DA:110,52
DA:111,52
DA:112,52
DA:113,52
DA:114,52
DA:115,52
DA:116,52
DA:117,52
DA:118,52
DA:119,52
DA:120,52
DA:121,52
DA:122,52
DA:123,52
DA:124,52
DA:125,52
DA:126,52
DA:127,52
DA:128,52
DA:129,52
DA:131,52
DA:134,1
DA:135,57
DA:136,57
DA:137,57
DA:138,57
DA:140,57
DA:141,57
DA:142,57
DA:143,57
DA:144,57
DA:145,57
DA:146,57
DA:148,57
DA:149,22
DA:152,57
DA:153,15
DA:154,15
DA:155,15
DA:156,15
DA:157,15
DA:158,15
DA:160,57
DA:161,15
DA:163,57
DA:164,3
DA:165,3
DA:166,1
DA:167,3
DA:169,57
DA:170,0
DA:171,0
DA:172,0
DA:173,0
DA:174,0
DA:176,57
DA:179,57
DA:180,6
DA:181,6
DA:182,6
DA:183,6
DA:184,0
DA:185,6
DA:187,6
DA:188,6
DA:189,6
DA:190,6
DA:191,6
DA:193,5
DA:194,6
DA:196,6
DA:197,1
DA:198,1
DA:199,1
DA:200,1
DA:202,6
DA:203,0
DA:204,0
DA:206,4
DA:207,6
DA:209,57
DA:210,6
DA:211,6
DA:213,6
DA:214,6
DA:215,6
DA:217,6
DA:219,6
DA:220,6
DA:221,4
DA:222,4
DA:224,4
DA:225,6
DA:228,3
DA:229,3
DA:230,1
DA:233,1
DA:234,1
DA:235,1
DA:236,1
DA:238,3
DA:239,3
DA:240,3
DA:241,3
DA:242,3
DA:244,3
DA:245,0
DA:246,0
DA:247,0
DA:248,1
DA:249,3
DA:250,3
DA:251,0
DA:252,0
DA:253,0
DA:254,0
DA:255,0
DA:256,0
DA:257,0
DA:258,0
DA:259,1
DA:262,1
DA:263,1
DA:264,1
DA:266,6
DA:268,1
DA:269,1
DA:270,1
DA:271,1
DA:272,1
DA:273,1
DA:274,1
DA:275,1
DA:276,1
DA:277,1
DA:278,1
DA:279,1
DA:281,2
DA:282,2
DA:283,2
DA:285,6
DA:286,1
DA:287,1
DA:288,1
DA:289,6
DA:290,3
DA:291,3
DA:292,6
DA:295,57
DA:296,57
DA:299,57
DA:300,13
DA:301,13
DA:302,13
DA:303,13
DA:304,13
DA:306,13
DA:307,13
DA:308,13
DA:309,13
DA:310,13
DA:311,13
DA:312,13
DA:313,13
DA:316,13
DA:317,13
DA:318,13
DA:319,13
DA:320,13
DA:321,13
DA:322,7
DA:323,5
DA:324,13
DA:325,13
DA:328,13
DA:329,13
DA:330,13
DA:331,13
DA:332,13
DA:333,13
DA:334,13
DA:338,57
DA:339,57
DA:340,57
DA:341,57
DA:342,57
DA:345,57
DA:346,57
DA:349,57
DA:350,57
DA:351,57
DA:352,57
DA:353,57
DA:354,57
DA:355,57
DA:357,57
DA:358,57
DA:359,57
DA:360,57
DA:361,57
DA:362,57
DA:363,57
DA:364,57
DA:365,57
DA:366,57
DA:367,57
DA:368,57
DA:369,57
DA:370,57
DA:371,57
DA:372,57
DA:373,57
DA:376,57
DA:377,31
DA:378,31
DA:380,31
DA:381,31
DA:382,31
DA:383,31
DA:384,31
DA:385,31
DA:386,31
DA:387,31
DA:388,31
DA:389,31
DA:390,31
DA:391,31
DA:392,31
DA:393,31
DA:397,57
DA:398,57
DA:399,57
DA:400,57
DA:402,57
DA:403,57
DA:406,57
DA:407,1
DA:408,1
DA:409,1
DA:410,1
DA:413,57
DA:414,57
DA:415,57
DA:417,57
DA:419,1
LF:304
LH:285
BRDA:26,0,0,2
BRDA:92,1,0,176
BRDA:99,2,0,52
BRDA:106,3,0,17
BRDA:106,4,0,35
BRDA:106,5,0,11
BRDA:106,6,0,24
BRDA:107,7,0,17
BRDA:107,8,0,35
BRDA:107,9,0,11
BRDA:107,10,0,24
BRDA:109,11,0,11
BRDA:109,12,0,41
BRDA:114,13,0,17
BRDA:114,14,0,35
BRDA:114,15,0,11
BRDA:114,16,0,24
BRDA:115,17,0,17
BRDA:115,18,0,35
BRDA:115,19,0,11
BRDA:115,20,0,24
BRDA:117,21,0,17
BRDA:118,22,0,11
BRDA:122,23,0,17
BRDA:122,24,0,35
BRDA:122,25,0,11
BRDA:122,26,0,24
BRDA:127,27,0,11
BRDA:128,28,0,17
BRDA:134,29,0,57
BRDA:299,30,0,13
BRDA:320,31,0,0
BRDA:321,32,0,6
BRDA:321,33,0,7
BRDA:322,34,0,2
BRDA:322,35,0,5
BRDA:350,36,0,2
BRDA:350,37,0,55
BRDA:376,38,0,31
BRDA:400,39,0,31
BRDA:402,40,0,13
BRDA:402,41,0,44
BRDA:406,42,0,1
BRDA:148,43,0,22
BRDA:149,44,0,22
BRDA:152,45,0,15
BRDA:153,46,0,15
BRDA:157,47,0,13
BRDA:157,48,0,2
BRDA:157,49,0,0
BRDA:160,50,0,15
BRDA:163,51,0,3
BRDA:165,52,0,1
BRDA:165,53,0,2
BRDA:165,54,0,1
BRDA:176,55,0,2
BRDA:179,56,0,6
BRDA:183,57,0,0
BRDA:191,58,0,5
BRDA:194,59,0,0
BRDA:194,60,0,5
BRDA:196,61,0,1
BRDA:197,62,0,0
BRDA:197,63,0,0
BRDA:197,64,0,0
BRDA:200,65,0,4
BRDA:202,66,0,0
BRDA:204,67,0,4
BRDA:209,68,0,6
BRDA:211,69,0,0
BRDA:220,70,0,4
BRDA:225,71,0,3
BRDA:229,72,0,1
BRDA:238,73,0,0
BRDA:238,74,0,1
BRDA:239,75,0,0
BRDA:239,76,0,1
BRDA:239,77,0,0
BRDA:239,78,0,1
BRDA:240,79,0,0
BRDA:240,80,0,1
BRDA:241,81,0,0
BRDA:241,82,0,1
BRDA:242,83,0,0
BRDA:242,84,0,1
BRDA:244,85,0,0
BRDA:244,86,0,0
BRDA:247,87,0,1
BRDA:249,88,0,1
BRDA:250,89,0,0
BRDA:258,90,0,1
BRDA:266,91,0,1
BRDA:279,92,0,2
BRDA:285,93,0,1
BRDA:288,94,0,0
BRDA:289,95,0,3
BRDA:229,96,0,3
BRDA:263,97,0,1
BRDA:271,98,0,1
BRDA:281,99,0,2
BRF:100
BRH:81
end_of_record
TN:
SF:src\UserDashboard.jsx
FN:101,getToken
FN:104,authHeaders
FN:109,handleRes
FN:120,toNote
FN:140,toFolder
FN:149,getNotes
FN:173,toggleFavorite
FN:185,updateTags
FN:197,moveNote
FN:209,permanentDelete
FN:217,trashNote
FN:229,restoreNote
FN:241,emptyTrash
FN:260,getFolders
FN:269,createFolder
FN:278,deleteFolder
FN:288,renameFolder
FN:299,changePassword
FN:311,deleteAccount
FN:322,getUserInfo
FN:343,tagColor
FN:347,Icon
FN:353,ConfidencePill
FN:361,LoadingScreen
FN:369,TagEditorModal
FN:374,addTag
FN:378,onClick
FN:392,onClick
FN:401,onChange
FN:403,onKeyDown
FN:408,onClick
FN:418,TrashConfirmModal
FN:420,onClick
FN:445,NewFolderModal
FN:465,MoveToFolderModal
FN:468,onClick
FN:488,onClick
FN:499,onClick
FN:514,onClick
FN:540,FoldersStrip
FN:547,count
FN:548,handleDragOver
FN:549,handleDrop
FN:559,onClick
FN:569,onClick
FN:569,onDragOver
FN:569,onDragLeave
FN:569,onDrop
FN:578,onChange
FN:580,onKeyDown
FN:581,onBlur
FN:585,onClick
FN:585,onDragOver
FN:585,onDragLeave
FN:585,onDrop
FN:586,onDoubleClick
FN:590,onClick
FN:599,onMouseEnter
FN:600,onMouseLeave
FN:616,NoteCard
FN:628,handler
FN:633,handleDotClick
FN:645,onDragStart
FN:646,onDragEnd
FN:647,onClick
FN:677,onClick
FN:682,onClick
FN:687,onClick
FN:692,onClick
FN:699,onConfirm
FN:699,onCancel
FN:700,onSave
FN:700,onClose
FN:705,onMove
FN:706,onClose
FN:715,NotesHome
FN:734,onChange
FN:735,onClick
FN:739,onClick
FN:747,onChange
FN:786,TrashPage
FN:811,onClick
FN:812,onClick
FN:821,UserDashboard
FN:835,loadData
FN:857,showToast
FN:863,handleNewScan
FN:865,handleToggleFavorite
FN:872,handleDeleteNote
FN:879,handleRestoreNote
FN:885,handlePermanentDelete
FN:892,handleEmptyTrash
FN:900,handleUpdateTags
FN:907,handleMoveNote
FN:916,handleAddFolder
FN:929,handleDeleteFolder
FN:937,handleRenameFolder
FN:952,onClick
FN:954,onClick
FN:955,onClick
FN:965,onClick
FN:995,onClick
FN:1012,onBack
FN:1013,onSave
FN:1022,onAddFolder
FN:1023,onProcess
FN:1032,onClose
FNF:107
FNH:60
FNDA:114,getToken
FNDA:0,authHeaders
FNDA:63,handleRes
FNDA:15,toNote
FNDA:0,toFolder
FNDA:17,getNotes
FNDA:3,toggleFavorite
FNDA:2,updateTags
FNDA:1,moveNote
FNDA:1,permanentDelete
FNDA:3,trashNote
FNDA:1,restoreNote
FNDA:0,emptyTrash
FNDA:17,getFolders
FNDA:0,createFolder
FNDA:1,deleteFolder
FNDA:0,renameFolder
FNDA:0,changePassword
FNDA:0,deleteAccount
FNDA:56,getUserInfo
FNDA:36,tagColor
FNDA:511,Icon
FNDA:39,ConfidencePill
FNDA:17,LoadingScreen
FNDA:8,TagEditorModal
FNDA:2,addTag
FNDA:3,onClick
FNDA:0,onClick
FNDA:3,onChange
FNDA:2,onKeyDown
FNDA:2,onClick
FNDA:3,TrashConfirmModal
FNDA:3,onClick
FNDA:0,NewFolderModal
FNDA:1,MoveToFolderModal
FNDA:1,onClick
FNDA:0,onClick
FNDA:0,onClick
FNDA:1,onClick
FNDA:29,FoldersStrip
FNDA:3,count
FNDA:0,handleDragOver
FNDA:0,handleDrop
FNDA:0,onClick
FNDA:0,onClick
FNDA:0,onDragOver
FNDA:0,onDragLeave
FNDA:0,onDrop
FNDA:0,onChange
FNDA:0,onKeyDown
FNDA:0,onBlur
FNDA:0,onClick
FNDA:0,onDragOver
FNDA:0,onDragLeave
FNDA:0,onDrop
FNDA:0,onDoubleClick
FNDA:1,onClick
FNDA:0,onMouseEnter
FNDA:0,onMouseLeave
FNDA:39,NoteCard
FNDA:0,handler
FNDA:9,handleDotClick
FNDA:0,onDragStart
FNDA:0,onDragEnd
FNDA:0,onClick
FNDA:2,onClick
FNDA:3,onClick
FNDA:1,onClick
FNDA:3,onClick
FNDA:3,onConfirm
FNDA:0,onCancel
FNDA:2,onSave
FNDA:3,onClose
FNDA:1,onMove
FNDA:1,onClose
FNDA:29,NotesHome
FNDA:0,onChange
FNDA:0,onClick
FNDA:0,onClick
FNDA:0,onChange
FNDA:6,TrashPage
FNDA:1,onClick
FNDA:1,onClick
FNDA:56,UserDashboard
FNDA:17,loadData
FNDA:7,showToast
FNDA:0,handleNewScan
FNDA:3,handleToggleFavorite
FNDA:3,handleDeleteNote
FNDA:1,handleRestoreNote
FNDA:1,handlePermanentDelete
FNDA:0,handleEmptyTrash
FNDA:2,handleUpdateTags
FNDA:1,handleMoveNote
FNDA:0,handleAddFolder
FNDA:1,handleDeleteFolder
FNDA:0,handleRenameFolder
FNDA:1,onClick
FNDA:2,onClick
FNDA:3,onClick
FNDA:0,onClick
FNDA:1,onClick
FNDA:0,onBack
FNDA:0,onSave
FNDA:0,onAddFolder
FNDA:0,onProcess
FNDA:0,onClose
DA:1,1
DA:2,1
DA:3,1
DA:4,1
DA:5,1
DA:6,1
DA:8,1
DA:9,1
DA:10,1
DA:11,1
DA:12,1
DA:13,1
DA:14,1
DA:15,1
DA:16,1
DA:17,1
DA:18,1
DA:19,1
DA:20,1
DA:21,1
DA:22,1
DA:23,1
DA:24,1
DA:25,1
DA:26,1
DA:29,1
DA:30,1
DA:31,1
DA:32,1
DA:34,1
DA:35,1
DA:40,1
DA:41,1
DA:42,1
DA:43,1
DA:45,1
DA:46,1
DA:48,1
DA:50,1
DA:52,1
DA:53,1
DA:55,1
DA:58,1
DA:62,1
DA:63,1
DA:64,1
DA:65,1
DA:69,1
DA:71,1
DA:72,1
DA:73,1
DA:74,1
DA:76,1
DA:77,1
DA:78,1
DA:81,1
DA:83,1
DA:86,1
DA:87,1
DA:88,1
DA:89,1
DA:90,1
DA:91,1
DA:93,1
DA:95,1
DA:101,1
DA:102,114
DA:104,1
DA:105,0
DA:106,0
DA:107,0
DA:109,1
DA:110,63
DA:111,63
DA:114,3
DA:115,3
DA:117,60
DA:118,60
DA:120,1
DA:121,15
DA:122,15
DA:123,15
DA:124,15
DA:125,0
DA:126,15
DA:127,15
DA:128,15
DA:129,15
DA:130,15
DA:131,15
DA:132,15
DA:134,15
DA:135,15
DA:136,0
DA:137,15
DA:138,15
DA:140,1
DA:141,0
DA:142,0
DA:143,0
DA:145,1
DA:149,1
DA:160,17
DA:161,17
DA:162,17
DA:163,17
DA:164,17
DA:165,17
DA:166,17
DA:167,17
DA:168,17
DA:169,17
DA:170,17
DA:171,17
DA:173,1
DA:174,3
DA:175,3
DA:176,3
DA:177,3
DA:178,3
DA:179,3
DA:180,3
DA:181,3
DA:182,3
DA:183,3
DA:185,1
DA:186,2
DA:187,2
DA:188,2
DA:189,2
DA:190,2
DA:191,2
DA:192,2
DA:193,2
DA:194,2
DA:195,2
DA:197,1
DA:198,1
DA:199,1
DA:200,1
DA:201,1
DA:202,1
DA:203,1
DA:204,1
DA:205,1
DA:206,1
DA:207,1
DA:209,1
DA:210,1
DA:211,1
DA:212,1
DA:213,1
DA:214,1
DA:215,1
DA:217,1
DA:218,3
DA:219,3
DA:220,3
DA:221,3
DA:222,3
DA:223,3
DA:224,3
DA:225,3
DA:226,3
DA:227,3
DA:229,1
DA:230,1
DA:231,1
DA:232,1
DA:233,1
DA:234,1
DA:235,1
DA:236,1
DA:237,1
DA:238,1
DA:239,1
DA:241,1
DA:248,0
DA:249,0
DA:250,0
DA:251,0
DA:252,0
DA:253,0
DA:254,0
DA:255,0
DA:256,0
DA:260,1
DA:261,17
DA:262,17
DA:263,17
DA:264,17
DA:265,17
DA:269,1
DA:270,0
DA:271,0
DA:272,0
DA:273,0
DA:274,0
DA:275,0
DA:276,0
DA:278,1
DA:279,1
DA:280,1
DA:281,1
DA:282,1
DA:283,1
DA:284,1
DA:288,1
DA:289,0
DA:290,0
DA:291,0
DA:292,0
DA:293,0
DA:294,0
DA:295,0
DA:299,1
DA:300,0
DA:301,0
DA:302,0
DA:303,0
DA:304,0
DA:305,0
DA:306,0
DA:307,0
DA:308,0
DA:309,0
DA:311,1
DA:312,0
DA:313,0
DA:314,0
DA:315,0
DA:316,0
DA:317,0
DA:318,1
DA:322,1
DA:323,56
DA:324,56
DA:325,56
DA:326,51
DA:327,51
DA:328,51
DA:329,2
DA:330,2
DA:331,2
DA:332,56
DA:333,51
DA:334,51
DA:336,1
DA:337,1
DA:338,1
DA:339,1
DA:340,1
DA:341,1
DA:342,1
DA:343,1
DA:345,1
DA:347,1
DA:348,511
DA:349,511
DA:350,511
DA:353,1
DA:354,39
DA:355,39
DA:356,0
DA:357,39
DA:358,39
DA:361,1
DA:362,17
DA:363,17
DA:364,17
DA:365,17
DA:369,1
DA:370,8
DA:371,8
DA:372,8
DA:373,8
DA:374,8
DA:376,8
DA:377,8
DA:378,8
DA:379,8
DA:380,8
DA:381,8
DA:382,8
DA:383,8
DA:384,8
DA:385,8
DA:386,4
DA:387,4
DA:388,4
DA:389,4
DA:390,4
DA:391,4
DA:392,4
DA:393,4
DA:394,4
DA:395,4
DA:397,4
DA:398,4
DA:400,8
DA:401,8
DA:402,8
DA:403,8
DA:404,8
DA:405,8
DA:406,8
DA:407,8
DA:408,8
DA:409,8
DA:410,8
DA:411,8
DA:412,8
DA:413,8
DA:415,8
DA:418,1
DA:419,3
DA:420,3
DA:421,3
DA:422,3
DA:423,3
DA:424,3
DA:425,3
DA:426,3
DA:427,3
DA:428,3
DA:429,3
DA:430,3
DA:431,3
DA:432,3
DA:433,3
DA:434,3
DA:435,3
DA:436,3
DA:438,3
DA:439,3
DA:440,3
DA:441,3
DA:445,1
DA:446,0
DA:447,0
DA:448,0
DA:449,0
DA:450,0
DA:451,0
DA:452,0
DA:453,0
DA:454,0
DA:455,0
DA:456,0
DA:457,0
DA:458,0
DA:459,0
DA:460,0
DA:461,0
DA:462,0
DA:463,0
DA:465,1
DA:466,1
DA:467,1
DA:468,1
DA:471,1
DA:472,1
DA:473,1
DA:474,1
DA:475,1
DA:476,1
DA:479,1
DA:480,0
DA:481,0
DA:482,0
DA:483,0
DA:484,0
DA:485,0
DA:487,0
DA:488,0
DA:489,0
DA:491,0
DA:492,0
DA:494,1
DA:497,1
DA:498,0
DA:499,0
DA:500,0
DA:502,0
DA:503,0
DA:504,0
DA:508,1
DA:509,1
DA:510,1
DA:511,1
DA:512,1
DA:513,1
DA:514,1
DA:515,1
DA:517,1
DA:518,1
DA:519,1
DA:520,1
DA:521,1
DA:522,1
DA:523,1
DA:524,0
DA:525,0
DA:527,0
DA:529,1
DA:531,1
DA:532,1
DA:534,1
DA:535,1
DA:536,1
DA:537,1
DA:540,1
DA:541,29
DA:542,29
DA:543,29
DA:544,29
DA:545,29
DA:546,29
DA:547,29
DA:548,29
DA:549,29
DA:553,0
DA:554,0
DA:555,0
DA:557,29
DA:558,29
DA:559,29
DA:560,29
DA:561,29
DA:562,29
DA:563,29
DA:565,29
DA:566,29
DA:567,29
DA:568,29
DA:569,29
DA:570,29
DA:571,29
DA:572,29
DA:573,29
DA:574,29
DA:575,3
DA:576,3
DA:577,3
DA:578,0
DA:579,0
DA:580,0
DA:581,0
DA:583,3
DA:584,3
DA:585,3
DA:586,3
DA:587,3
DA:588,3
DA:589,3
DA:590,3
DA:591,3
DA:592,3
DA:593,3
DA:594,3
DA:596,29
DA:597,29
DA:598,29
DA:599,29
DA:600,29
DA:602,29
DA:603,29
DA:604,29
DA:605,29
DA:606,29
DA:607,29
DA:608,29
DA:609,29
DA:611,29
DA:613,29
DA:616,1
DA:617,39
DA:618,39
DA:619,39
DA:620,39
DA:621,39
DA:622,39
DA:623,39
DA:624,39
DA:626,39
DA:627,33
DA:628,9
DA:629,9
DA:630,9
DA:631,39
DA:633,39
DA:634,9
DA:635,9
DA:636,9
DA:637,9
DA:638,9
DA:640,39
DA:641,39
DA:642,39
DA:643,39
DA:644,39
DA:645,39
DA:646,39
DA:647,39
DA:648,39
DA:650,39
DA:651,39
DA:652,39
DA:653,39
DA:654,39
DA:655,39
DA:656,39
DA:657,39
DA:658,39
DA:659,39
DA:660,39
DA:661,39
DA:662,39
DA:663,32
DA:664,32
DA:665,32
DA:667,39
DA:668,39
DA:669,39
DA:670,39
DA:671,39
DA:672,39
DA:673,39
DA:675,39
DA:676,9
DA:677,9
DA:678,9
DA:679,9
DA:680,9
DA:681,9
DA:682,9
DA:683,9
DA:685,9
DA:687,9
DA:688,9
DA:690,9
DA:691,9
DA:692,9
DA:693,9
DA:695,9
DA:696,9
DA:697,9
DA:698,9
DA:699,39
DA:700,39
DA:701,39
DA:702,1
DA:703,1
DA:704,1
DA:705,1
DA:706,1
DA:707,1
DA:708,1
DA:710,39
DA:712,39
DA:715,1
DA:716,29
DA:717,29
DA:718,29
DA:719,29
DA:721,29
DA:722,29
DA:723,29
DA:725,29
DA:726,29
DA:727,29
DA:728,29
DA:729,29
DA:730,29
DA:731,29
DA:732,29
DA:733,29
DA:734,29
DA:735,29
DA:736,29
DA:737,29
DA:738,29
DA:739,29
DA:740,29
DA:741,29
DA:742,29
DA:743,29
DA:744,29
DA:745,29
DA:746,29
DA:747,29
DA:748,29
DA:749,29
DA:750,29
DA:751,29
DA:752,29
DA:753,29
DA:755,29
DA:756,29
DA:757,29
DA:758,8
DA:759,8
DA:760,8
DA:761,8
DA:762,8
DA:763,8
DA:764,8
DA:765,8
DA:767,21
DA:768,21
DA:769,22
DA:770,22
DA:771,22
DA:772,22
DA:773,22
DA:774,22
DA:775,22
DA:776,22
DA:777,21
DA:778,21
DA:781,29
DA:783,29
DA:786,1
DA:787,6
DA:788,6
DA:789,6
DA:790,6
DA:791,6
DA:792,6
DA:793,6
DA:794,6
DA:795,6
DA:796,6
DA:797,2
DA:798,2
DA:799,2
DA:800,2
DA:802,4
DA:803,4
DA:804,4
DA:805,4
DA:806,4
DA:807,4
DA:808,4
DA:809,4
DA:810,4
DA:811,4
DA:812,4
DA:813,4
DA:814,4
DA:815,4
DA:817,6
DA:821,1
DA:822,56
DA:823,56
DA:824,56
DA:825,56
DA:826,56
DA:827,56
DA:828,56
DA:829,56
DA:830,56
DA:831,56
DA:832,56
DA:833,56
DA:835,56
DA:836,17
DA:837,17
DA:838,17
DA:839,17
DA:840,17
DA:841,17
DA:842,17
DA:843,17
DA:844,17
DA:845,0
DA:846,0
DA:847,0
DA:848,17
DA:849,17
DA:850,17
DA:851,17
DA:853,56
DA:854,56
DA:855,56
DA:857,56
DA:858,7
DA:859,7
DA:860,7
DA:861,7
DA:863,56
DA:865,56
DA:866,3
DA:867,3
DA:868,3
DA:869,1
DA:870,3
DA:872,56
DA:873,3
DA:874,3
DA:875,3
DA:876,1
DA:877,3
DA:879,56
DA:880,1
DA:881,1
DA:882,0
DA:883,1
DA:885,56
DA:886,1
DA:887,1
DA:888,1
DA:889,1
DA:890,1
DA:892,56
DA:893,0
DA:894,0
DA:895,0
DA:896,0
DA:897,0
DA:898,0
DA:900,56
DA:901,2
DA:902,2
DA:903,2
DA:904,0
DA:905,2
DA:907,56
DA:908,1
DA:909,1
DA:910,1
DA:911,1
DA:912,1
DA:913,0
DA:914,1
DA:916,56
DA:917,0
DA:918,0
DA:919,0
DA:920,0
DA:921,0
DA:922,0
DA:923,0
DA:924,0
DA:925,0
DA:926,0
DA:927,0
DA:929,56
DA:930,1
DA:931,1
DA:932,1
DA:933,1
DA:934,0
DA:935,1
DA:937,56
DA:938,0
DA:939,0
DA:940,0
DA:941,0
DA:942,0
DA:944,56
DA:945,56
DA:946,56
DA:948,56
DA:949,56
DA:951,56
DA:952,56
DA:953,56
DA:954,56
DA:955,56
DA:956,56
DA:958,56
DA:960,39
DA:961,39
DA:962,39
DA:963,39
DA:964,39
DA:965,39
DA:966,39
DA:967,39
DA:968,39
DA:969,39
DA:970,39
DA:971,39
DA:972,39
DA:973,39
DA:974,39
DA:975,156
DA:976,156
DA:977,156
DA:978,156
DA:979,156
DA:980,39
DA:981,39
DA:982,0
DA:983,0
DA:984,0
DA:985,0
DA:986,0
DA:987,0
DA:989,56
DA:992,56
DA:993,56
DA:994,56
DA:995,56
DA:996,56
DA:998,56
DA:999,56
DA:1000,56
DA:1001,56
DA:1002,56
DA:1003,56
DA:1004,56
DA:1005,56
DA:1006,56
DA:1007,56
DA:1009,56
DA:1010,56
DA:1011,56
DA:1012,56
DA:1013,56
DA:1014,0
DA:1015,0
DA:1016,0
DA:1017,0
DA:1018,56
DA:1019,56
DA:1020,56
DA:1021,39
DA:1022,39
DA:1023,39
DA:1024,39
DA:1025,39
DA:1026,39
DA:1027,39
DA:1029,56
DA:1030,56
DA:1032,56
DA:1034,56
DA:1035,56
DA:1036,56
DA:1037,56
DA:1038,56
DA:1040,56
DA:1042,1
LF:845
LH:713
BRDA:95,0,0,0
BRDA:101,1,0,114
BRDA:109,2,0,63
BRDA:111,3,0,3
BRDA:114,4,0,1
BRDA:115,5,0,60
BRDA:120,6,0,15
BRDA:122,7,0,0
BRDA:124,8,0,0
BRDA:126,9,0,14
BRDA:127,10,0,0
BRDA:128,11,0,0
BRDA:129,12,0,0
BRDA:130,13,0,0
BRDA:131,14,0,0
BRDA:132,15,0,0
BRDA:135,16,0,0
BRDA:149,17,0,17
BRDA:161,18,0,14
BRDA:162,19,0,14
BRDA:168,20,0,0
BRDA:169,21,0,0
BRDA:173,22,0,3
BRDA:185,23,0,2
BRDA:197,24,0,1
BRDA:209,25,0,1
BRDA:217,26,0,3
BRDA:229,27,0,1
BRDA:260,28,0,17
BRDA:262,29,0,14
BRDA:278,30,0,1
BRDA:322,31,0,56
BRDA:323,32,0,51
BRDA:324,33,0,51
BRDA:325,34,0,51
BRDA:325,35,0,5
BRDA:325,36,0,51
BRDA:328,37,0,2
BRDA:330,38,0,0
BRDA:330,39,0,0
BRDA:330,40,0,0
BRDA:330,41,0,0
BRDA:330,42,0,0
BRDA:330,43,0,0
BRDA:332,44,0,51
BRDA:332,45,0,2
BRDA:343,46,0,36
BRDA:347,47,0,511
BRDA:353,48,0,39
BRDA:354,49,0,0
BRDA:355,50,0,0
BRDA:361,51,0,17
BRDA:369,52,0,8
BRDA:385,53,0,4
BRDA:373,54,0,3
BRDA:373,55,0,2
BRDA:373,56,0,0
BRDA:374,57,0,2
BRDA:374,58,0,1
BRDA:374,59,0,1
BRDA:378,60,0,3
BRDA:387,61,0,4
BRDA:401,62,0,3
BRDA:403,63,0,2
BRDA:403,64,0,0
BRDA:408,65,0,2
BRDA:418,66,0,3
BRDA:420,67,0,3
BRDA:465,68,0,1
BRDA:479,69,0,0
BRDA:497,70,0,0
BRDA:468,71,0,1
BRDA:508,72,0,1
BRDA:515,73,0,0
BRDA:515,74,0,0
BRDA:520,75,0,0
BRDA:523,76,0,0
BRDA:514,77,0,1
BRDA:540,78,0,29
BRDA:546,79,0,0
BRDA:559,80,0,0
BRDA:561,81,0,0
BRDA:568,82,0,0
BRDA:568,83,0,0
BRDA:568,84,0,0
BRDA:571,85,0,0
BRDA:571,86,0,0
BRDA:608,87,0,0
BRDA:547,88,0,3
BRDA:547,89,0,3
BRDA:574,90,0,3
BRDA:576,91,0,0
BRDA:577,92,0,0
BRDA:584,93,0,0
BRDA:584,94,0,0
BRDA:588,95,0,0
BRDA:590,96,0,1
BRDA:616,97,0,39
BRDA:648,98,0,0
BRDA:648,99,0,0
BRDA:648,100,0,0
BRDA:652,101,0,5
BRDA:660,102,0,0
BRDA:662,103,0,32
BRDA:675,104,0,9
BRDA:679,105,0,0
BRDA:679,106,0,0
BRDA:680,107,0,0
BRDA:699,108,0,3
BRDA:700,109,0,3
BRDA:701,110,0,1
BRDA:626,111,0,33
BRDA:627,112,0,24
BRDA:627,113,0,9
BRDA:630,114,0,9
BRDA:633,115,0,9
BRDA:637,116,0,9
BRDA:655,117,0,117
BRDA:664,118,0,32
BRDA:677,119,0,2
BRDA:682,120,0,3
BRDA:687,121,0,1
BRDA:692,122,0,3
BRDA:699,123,0,3
BRDA:700,124,0,2
BRDA:700,125,0,3
BRDA:705,126,0,1
BRDA:706,127,0,1
BRDA:715,128,0,29
BRDA:721,129,0,0
BRDA:730,130,0,9
BRDA:730,131,0,20
BRDA:735,132,0,0
BRDA:738,133,0,0
BRDA:741,134,0,0
BRDA:757,135,0,8
BRDA:763,136,0,0
BRDA:765,137,0,21
BRDA:722,138,0,22
BRDA:722,139,0,2
BRDA:722,140,0,20
BRDA:722,141,0,0
BRDA:722,142,0,0
BRDA:722,143,0,0
BRDA:722,144,0,3
BRDA:723,145,0,1
BRDA:723,146,0,0
BRDA:723,147,0,0
BRDA:768,148,0,22
BRDA:786,149,0,6
BRDA:792,150,0,2
BRDA:792,151,0,4
BRDA:794,152,0,4
BRDA:796,153,0,2
BRDA:800,154,0,4
BRDA:803,155,0,4
BRDA:811,156,0,1
BRDA:812,157,0,1
BRDA:821,158,0,56
BRDA:949,159,0,51
BRDA:949,160,0,51
BRDA:958,161,0,17
BRDA:958,162,0,39
BRDA:981,163,0,0
BRDA:994,164,0,1
BRDA:994,165,0,38
BRDA:1010,166,0,0
BRDA:1010,167,0,39
BRDA:1020,168,0,39
BRDA:1022,169,0,29
BRDA:1023,170,0,0
BRDA:1024,171,0,3
BRDA:1025,172,0,6
BRDA:1026,173,0,1
BRDA:1032,174,0,0
BRDA:1034,175,0,8
BRDA:1034,176,0,31
BRDA:835,177,0,17
BRDA:842,178,0,0
BRDA:843,179,0,0
BRDA:844,180,0,0
BRDA:853,181,0,17
BRDA:854,182,0,17
BRDA:854,183,0,0
BRDA:855,184,0,17
BRDA:855,185,0,0
BRDA:855,186,0,0
BRDA:857,187,0,7
BRDA:858,188,0,1
BRDA:865,189,0,3
BRDA:866,190,0,0
BRDA:868,191,0,2
BRDA:868,192,0,1
BRDA:866,193,0,3
BRDA:867,194,0,3
BRDA:867,195,0,3
BRDA:867,196,0,0
BRDA:869,197,0,1
BRDA:869,198,0,1
BRDA:869,199,0,0
BRDA:872,200,0,3
BRDA:875,201,0,2
BRDA:875,202,0,1
BRDA:873,203,0,3
BRDA:873,204,0,3
BRDA:873,205,0,0
BRDA:876,206,0,1
BRDA:876,207,0,1
BRDA:876,208,0,0
BRDA:879,209,0,1
BRDA:881,210,0,0
BRDA:880,211,0,1
BRDA:880,212,0,1
BRDA:880,213,0,0
BRDA:885,214,0,1
BRDA:888,215,0,0
BRDA:886,216,0,1
BRDA:887,217,0,1
BRDA:887,218,0,1
BRDA:889,219,0,1
BRDA:900,220,0,2
BRDA:903,221,0,0
BRDA:901,222,0,2
BRDA:902,223,0,2
BRDA:902,224,0,2
BRDA:902,225,0,0
BRDA:907,226,0,1
BRDA:910,227,0,0
BRDA:911,228,0,0
BRDA:912,229,0,0
BRDA:908,230,0,1
BRDA:909,231,0,1
BRDA:909,232,0,1
BRDA:909,233,0,0
BRDA:910,234,0,1
BRDA:929,235,0,1
BRDA:933,236,0,0
BRDA:930,237,0,1
BRDA:931,238,0,1
BRDA:931,239,0,1
BRDA:932,240,0,1
BRDA:932,241,0,1
BRDA:932,242,0,0
BRDA:944,243,0,35
BRDA:945,244,0,35
BRDA:946,245,0,26
BRDA:952,246,0,1
BRDA:954,247,0,2
BRDA:955,248,0,3
BRDA:974,249,0,156
BRDA:975,250,0,38
BRDA:975,251,0,118
BRDA:977,252,0,39
BRDA:977,253,0,6
BRDA:978,254,0,39
BRDA:978,255,0,9
BRDA:995,256,0,1
BRF:257
BRH:172
end_of_record
