{"total": {"lines":{"total":475,"covered":278,"skipped":0,"pct":58.52},"statements":{"total":517,"covered":295,"skipped":0,"pct":57.05},"functions":{"total":58,"covered":37,"skipped":0,"pct":63.79},"branches":{"total":262,"covered":116,"skipped":0,"pct":44.27},"branchesTrue":{"total":0,"covered":0,"skipped":0,"pct":100}}
,"/Users/tistar/Desktop/Notescan/CMPE-195-Senior-Project/backend/app.js": {"lines":{"total":21,"covered":20,"skipped":0,"pct":95.23},"functions":{"total":3,"covered":3,"skipped":0,"pct":100},"statements":{"total":21,"covered":20,"skipped":0,"pct":95.23},"branches":{"total":13,"covered":11,"skipped":0,"pct":84.61}}
,"/Users/tistar/Desktop/Notescan/CMPE-195-Senior-Project/backend/middleware/auth.js": {"lines":{"total":10,"covered":10,"skipped":0,"pct":100},"functions":{"total":1,"covered":1,"skipped":0,"pct":100},"statements":{"total":10,"covered":10,"skipped":0,"pct":100},"branches":{"total":4,"covered":3,"skipped":0,"pct":75}}
,"/Users/tistar/Desktop/Notescan/CMPE-195-Senior-Project/backend/middleware/upload.js": {"lines":{"total":20,"covered":20,"skipped":0,"pct":100},"functions":{"total":3,"covered":3,"skipped":0,"pct":100},"statements":{"total":21,"covered":21,"skipped":0,"pct":100},"branches":{"total":8,"covered":6,"skipped":0,"pct":75}}
,"/Users/tistar/Desktop/Notescan/CMPE-195-Senior-Project/backend/models/UploadedFile.js": {"lines":{"total":6,"covered":6,"skipped":0,"pct":100},"functions":{"total":0,"covered":0,"skipped":0,"pct":100},"statements":{"total":6,"covered":6,"skipped":0,"pct":100},"branches":{"total":0,"covered":0,"skipped":0,"pct":100}}
,"/Users/tistar/Desktop/Notescan/CMPE-195-Senior-Project/backend/models/User.js": {"lines":{"total":3,"covered":3,"skipped":0,"pct":100},"functions":{"total":0,"covered":0,"skipped":0,"pct":100},"statements":{"total":3,"covered":3,"skipped":0,"pct":100},"branches":{"total":0,"covered":0,"skipped":0,"pct":100}}
,"/Users/tistar/Desktop/Notescan/CMPE-195-Senior-Project/backend/routes/auth.js": {"lines":{"total":96,"covered":60,"skipped":0,"pct":62.5},"functions":{"total":8,"covered":6,"skipped":0,"pct":75},"statements":{"total":101,"covered":60,"skipped":0,"pct":59.4},"branches":{"total":51,"covered":27,"skipped":0,"pct":52.94}}
,"/Users/tistar/Desktop/Notescan/CMPE-195-Senior-Project/backend/routes/files.js": {"lines":{"total":203,"covered":130,"skipped":0,"pct":64.03},"functions":{"total":25,"covered":20,"skipped":0,"pct":80},"statements":{"total":233,"covered":144,"skipped":0,"pct":61.8},"branches":{"total":124,"covered":64,"skipped":0,"pct":51.61}}
,"/Users/tistar/Desktop/Notescan/CMPE-195-Senior-Project/backend/routes/folders.js": {"lines":{"total":37,"covered":29,"skipped":0,"pct":78.37},"functions":{"total":4,"covered":4,"skipped":0,"pct":100},"statements":{"total":39,"covered":31,"skipped":0,"pct":79.48},"branches":{"total":6,"covered":5,"skipped":0,"pct":83.33}}
,"/Users/tistar/Desktop/Notescan/CMPE-195-Senior-Project/backend/services/ollama.js": {"lines":{"total":79,"covered":0,"skipped":0,"pct":0},"functions":{"total":14,"covered":0,"skipped":0,"pct":0},"statements":{"total":83,"covered":0,"skipped":0,"pct":0},"branches":{"total":56,"covered":0,"skipped":0,"pct":0}}
}
