TN:
SF:app.js
FN:8,buildApp
FN:24,(anonymous_1)
FN:28,(anonymous_2)
FNF:3
FNH:3
FNDA:7,buildApp
FNDA:4,(anonymous_1)
FNDA:5,(anonymous_2)
DA:4,5
DA:5,5
DA:6,5
DA:9,7
DA:11,7
DA:17,7
DA:18,7
DA:20,7
DA:21,7
DA:22,7
DA:24,7
DA:25,4
DA:28,7
DA:29,5
DA:30,1
DA:32,4
DA:33,0
DA:35,4
DA:36,4
DA:39,7
DA:42,5
LF:21
LH:20
BRDA:12,0,0,7
BRDA:12,0,1,0
BRDA:29,1,0,1
BRDA:29,1,1,4
BRDA:29,2,0,5
BRDA:29,2,1,5
BRDA:29,2,2,5
BRDA:32,3,0,0
BRDA:32,3,1,4
BRDA:32,4,0,4
BRDA:32,4,1,4
BRDA:35,5,0,4
BRDA:35,5,1,4
BRF:13
BRH:11
end_of_record
TN:
SF:middleware/auth.js
FN:6,(anonymous_0)
FNF:1
FNH:1
FNDA:85,(anonymous_0)
DA:4,6
DA:6,6
DA:7,85
DA:8,85
DA:9,6
DA:11,79
DA:12,79
DA:16,75
DA:17,75
DA:18,4
LF:10
LH:10
BRDA:8,0,0,6
BRDA:8,0,1,79
BRDA:14,1,0,79
BRDA:14,1,1,0
BRF:4
BRH:3
end_of_record
TN:
SF:middleware/upload.js
FN:32,(anonymous_0)
FN:39,(anonymous_1)
FN:48,(anonymous_2)
FNF:3
FNH:3
FNDA:11,(anonymous_0)
FNDA:11,(anonymous_1)
FNDA:12,(anonymous_2)
DA:6,6
DA:7,6
DA:8,6
DA:9,6
DA:15,6
DA:23,6
DA:31,6
DA:33,11
DA:34,11
DA:35,11
DA:36,11
DA:37,11
DA:40,11
DA:48,6
DA:49,12
DA:50,12
DA:51,11
DA:53,1
DA:56,6
DA:62,6
LF:20
LH:20
BRDA:33,0,0,11
BRDA:33,0,1,0
BRDA:34,1,0,11
BRDA:34,1,1,0
BRDA:50,2,0,11
BRDA:50,2,1,1
BRDA:50,3,0,12
BRDA:50,3,1,1
BRF:8
BRH:6
end_of_record
TN:
SF:models/UploadedFile.js
FNF:0
FNH:0
DA:7,6
DA:12,6
DA:21,6
DA:32,6
DA:44,6
DA:172,6
LF:6
LH:6
BRF:0
BRH:0
end_of_record
TN:
SF:models/User.js
FNF:0
FNH:0
DA:5,7
DA:7,7
DA:47,7
LF:3
LH:3
BRF:0
BRH:0
end_of_record
TN:
SF:routes/auth.js
FN:21,signToken
FN:22,(anonymous_1)
FN:23,(anonymous_2)
FN:35,(anonymous_3)
FN:68,(anonymous_4)
FN:112,(anonymous_5)
FN:129,(anonymous_6)
FN:159,(anonymous_7)
FNF:8
FNH:6
FNDA:19,signToken
FNDA:19,(anonymous_1)
FNDA:19,(anonymous_2)
FNDA:17,(anonymous_3)
FNDA:11,(anonymous_4)
FNDA:2,(anonymous_5)
FNDA:0,(anonymous_6)
FNDA:0,(anonymous_7)
DA:4,5
DA:5,5
DA:6,5
DA:7,5
DA:8,5
DA:9,5
DA:10,5
DA:11,5
DA:12,5
DA:14,5
DA:15,5
DA:18,5
DA:19,5
DA:22,19
DA:23,19
DA:24,19
DA:25,19
DA:35,5
DA:36,17
DA:37,17
DA:38,3
DA:40,14
DA:41,14
DA:42,14
DA:43,2
DA:45,12
DA:46,12
DA:47,12
DA:54,12
DA:55,12
DA:57,0
DA:58,0
DA:68,5
DA:69,11
DA:70,11
DA:71,2
DA:73,9
DA:74,9
DA:77,9
DA:78,3
DA:79,3
DA:80,3
DA:81,3
DA:88,3
DA:89,3
DA:90,3
DA:91,3
DA:94,6
DA:95,6
DA:96,2
DA:98,4
DA:99,4
DA:100,4
DA:101,4
DA:103,0
DA:104,0
DA:112,5
DA:113,2
DA:114,2
DA:117,2
DA:118,2
DA:120,0
DA:121,0
DA:129,5
DA:130,0
DA:131,0
DA:132,0
DA:134,0
DA:135,0
DA:137,0
DA:138,0
DA:139,0
DA:140,0
DA:141,0
DA:142,0
DA:143,0
DA:145,0
DA:146,0
DA:147,0
DA:148,0
DA:150,0
DA:151,0
DA:159,5
DA:160,0
DA:161,0
DA:162,0
DA:163,0
DA:164,0
DA:165,0
DA:166,0
DA:168,0
DA:169,0
DA:170,0
DA:172,0
DA:173,0
DA:177,5
LF:96
LH:60
BRDA:14,0,0,5
BRDA:14,0,1,0
BRDA:15,1,0,5
BRDA:15,1,1,0
BRDA:24,2,0,0
BRDA:24,2,1,19
BRDA:37,3,0,3
BRDA:37,3,1,14
BRDA:37,4,0,17
BRDA:37,4,1,15
BRDA:42,5,0,2
BRDA:42,5,1,12
BRDA:48,6,0,12
BRDA:48,6,1,3
BRDA:51,7,0,12
BRDA:51,7,1,0
BRDA:51,7,2,0
BRDA:70,8,0,2
BRDA:70,8,1,9
BRDA:70,9,0,11
BRDA:70,9,1,10
BRDA:77,10,0,3
BRDA:77,10,1,6
BRDA:77,11,0,9
BRDA:77,11,1,3
BRDA:79,12,0,3
BRDA:79,12,1,0
BRDA:85,13,0,3
BRDA:85,13,1,0
BRDA:95,14,0,2
BRDA:95,14,1,4
BRDA:95,15,0,6
BRDA:95,15,1,5
BRDA:117,16,0,0
BRDA:117,16,1,2
BRDA:131,17,0,0
BRDA:131,17,1,0
BRDA:131,18,0,0
BRDA:131,18,1,0
BRDA:134,19,0,0
BRDA:134,19,1,0
BRDA:139,20,0,0
BRDA:139,20,1,0
BRDA:141,21,0,0
BRDA:141,21,1,0
BRDA:142,22,0,0
BRDA:142,22,1,0
BRDA:163,23,0,0
BRDA:163,23,1,0
BRDA:165,24,0,0
BRDA:165,24,1,0
BRF:51
BRH:27
end_of_record
TN:
SF:routes/files.js
FN:19,requireOwnedFile
FN:25,normalizeFlashCards
FN:27,(anonymous_2)
FN:32,(anonymous_3)
FN:35,getSourceText
FN:43,applyTextEdit
FN:62,generateRequestedContent
FN:98,(anonymous_7)
FN:132,(anonymous_8)
FN:169,(anonymous_9)
FN:186,(anonymous_10)
FN:203,(anonymous_11)
FN:220,(anonymous_12)
FN:247,(anonymous_13)
FN:260,(anonymous_14)
FN:273,(anonymous_15)
FN:286,(anonymous_16)
FN:312,(anonymous_17)
FN:336,(anonymous_18)
FN:352,(anonymous_19)
FN:363,(anonymous_20)
FN:378,(anonymous_21)
FN:390,handleGenerateRequest
FN:423,(anonymous_23)
FN:435,(anonymous_24)
FNF:25
FNH:20
FNDA:28,requireOwnedFile
FNDA:1,normalizeFlashCards
FNDA:2,(anonymous_2)
FNDA:2,(anonymous_3)
FNDA:2,getSourceText
FNDA:6,applyTextEdit
FNDA:2,generateRequestedContent
FNDA:2,(anonymous_7)
FNDA:12,(anonymous_8)
FNDA:8,(anonymous_9)
FNDA:1,(anonymous_10)
FNDA:3,(anonymous_11)
FNDA:12,(anonymous_12)
FNDA:5,(anonymous_13)
FNDA:1,(anonymous_14)
FNDA:1,(anonymous_15)
FNDA:0,(anonymous_16)
FNDA:0,(anonymous_17)
FNDA:0,(anonymous_18)
FNDA:0,(anonymous_19)
FNDA:0,(anonymous_20)
FNDA:1,(anonymous_21)
FNDA:2,handleGenerateRequest
FNDA:1,(anonymous_23)
FNDA:4,(anonymous_24)
DA:8,5
DA:9,5
DA:10,5
DA:11,5
DA:12,5
DA:13,5
DA:14,5
DA:15,5
DA:16,5
DA:17,5
DA:20,28
DA:21,25
DA:22,22
DA:26,1
DA:27,2
DA:32,2
DA:36,2
DA:40,2
DA:44,6
DA:45,6
DA:46,6
DA:48,6
DA:56,6
DA:57,6
DA:58,6
DA:59,3
DA:63,2
DA:64,2
DA:65,0
DA:68,2
DA:69,2
DA:70,0
DA:76,2
DA:84,2
DA:85,2
DA:87,2
DA:88,2
DA:90,2
DA:91,2
DA:92,2
DA:93,2
DA:96,2
DA:97,1
DA:98,2
DA:104,1
DA:105,1
DA:106,1
DA:109,2
DA:110,2
DA:111,2
DA:112,2
DA:113,2
DA:115,2
DA:121,0
DA:122,0
DA:123,0
DA:124,0
DA:132,5
DA:133,12
DA:134,12
DA:136,11
DA:137,11
DA:139,11
DA:154,11
DA:155,11
DA:157,11
DA:159,0
DA:160,0
DA:169,5
DA:170,8
DA:172,8
DA:175,8
DA:177,0
DA:178,0
DA:186,5
DA:187,1
DA:188,1
DA:191,1
DA:193,0
DA:194,0
DA:203,5
DA:204,3
DA:205,3
DA:206,3
DA:207,3
DA:208,1
DA:210,0
DA:211,0
DA:220,5
DA:221,12
DA:222,12
DA:223,12
DA:224,12
DA:226,10
DA:227,10
DA:228,10
DA:229,10
DA:230,10
DA:231,10
DA:232,10
DA:233,10
DA:235,0
DA:236,0
DA:237,0
DA:239,0
DA:247,5
DA:248,5
DA:249,4
DA:252,3
DA:253,3
DA:260,5
DA:261,1
DA:262,1
DA:265,0
DA:266,0
DA:273,5
DA:274,1
DA:275,1
DA:278,0
DA:279,0
DA:286,5
DA:287,0
DA:288,0
DA:291,0
DA:292,0
DA:293,0
DA:294,0
DA:296,0
DA:297,0
DA:298,0
DA:299,0
DA:301,0
DA:303,0
DA:304,0
DA:312,5
DA:313,0
DA:314,0
DA:315,0
DA:318,0
DA:319,0
DA:322,0
DA:323,0
DA:324,0
DA:325,0
DA:327,0
DA:336,0
DA:337,0
DA:338,0
DA:339,0
DA:341,0
DA:343,0
DA:344,0
DA:352,5
DA:353,0
DA:354,0
DA:355,0
DA:357,0
DA:358,0
DA:359,0
DA:360,0
DA:362,0
DA:363,0
DA:364,0
DA:365,0
DA:366,0
DA:367,0
DA:369,0
DA:370,0
DA:378,5
DA:379,1
DA:380,1
DA:381,1
DA:382,1
DA:383,1
DA:385,0
DA:386,0
DA:391,2
DA:393,2
DA:394,2
DA:395,2
DA:396,2
DA:398,2
DA:399,2
DA:401,2
DA:408,0
DA:409,0
DA:417,5
DA:423,5
DA:424,1
DA:428,1
DA:435,5
DA:436,4
DA:437,4
DA:438,4
DA:439,4
DA:441,2
DA:442,2
DA:444,2
DA:445,2
DA:446,2
DA:448,0
DA:449,0
DA:453,5
LF:203
LH:130
BRDA:20,0,0,3
BRDA:20,0,1,25
BRDA:21,1,0,3
BRDA:21,1,1,22
BRDA:25,2,0,0
BRDA:28,3,0,2
BRDA:28,3,1,0
BRDA:28,3,2,0
BRDA:29,4,0,2
BRDA:29,4,1,0
BRDA:30,5,0,2
BRDA:30,5,1,0
BRDA:32,6,0,2
BRDA:32,6,1,2
BRDA:36,7,0,0
BRDA:36,7,1,2
BRDA:36,8,0,2
BRDA:36,8,1,0
BRDA:38,9,0,2
BRDA:38,9,1,0
BRDA:38,9,2,0
BRDA:40,10,0,2
BRDA:40,10,1,0
BRDA:46,11,0,0
BRDA:46,11,1,6
BRDA:49,12,0,6
BRDA:49,12,1,0
BRDA:49,12,2,0
BRDA:51,13,0,6
BRDA:51,13,1,6
BRDA:52,14,0,6
BRDA:52,14,1,6
BRDA:64,15,0,0
BRDA:64,15,1,2
BRDA:69,16,0,0
BRDA:69,16,1,2
BRDA:90,17,0,2
BRDA:90,17,1,0
BRDA:90,18,0,2
BRDA:90,18,1,1
BRDA:96,19,0,1
BRDA:96,19,1,1
BRDA:96,20,0,2
BRDA:96,20,1,2
BRDA:99,21,0,2
BRDA:99,21,1,0
BRDA:134,22,0,1
BRDA:134,22,1,11
BRDA:143,23,0,1
BRDA:143,23,1,10
BRDA:148,24,0,10
BRDA:148,24,1,1
BRDA:207,25,0,2
BRDA:207,25,1,1
BRDA:224,26,0,2
BRDA:224,26,1,10
BRDA:227,27,0,2
BRDA:227,27,1,8
BRDA:228,28,0,2
BRDA:228,28,1,8
BRDA:229,29,0,2
BRDA:229,29,1,8
BRDA:230,30,0,2
BRDA:230,30,1,8
BRDA:231,31,0,3
BRDA:231,31,1,7
BRDA:236,32,0,0
BRDA:236,32,1,0
BRDA:248,33,0,1
BRDA:248,33,1,4
BRDA:252,34,0,0
BRDA:252,34,1,3
BRDA:261,35,0,0
BRDA:261,35,1,1
BRDA:265,36,0,0
BRDA:265,36,1,0
BRDA:274,37,0,0
BRDA:274,37,1,1
BRDA:278,38,0,0
BRDA:278,38,1,0
BRDA:287,39,0,0
BRDA:287,39,1,0
BRDA:294,40,0,0
BRDA:294,40,1,0
BRDA:314,41,0,0
BRDA:314,41,1,0
BRDA:314,42,0,0
BRDA:314,42,1,0
BRDA:314,42,2,0
BRDA:318,43,0,0
BRDA:318,43,1,0
BRDA:325,44,0,0
BRDA:325,44,1,0
BRDA:330,45,0,0
BRDA:330,45,1,0
BRDA:337,46,0,0
BRDA:337,46,1,0
BRDA:354,47,0,0
BRDA:354,47,1,0
BRDA:354,48,0,0
BRDA:354,48,1,0
BRDA:354,48,2,0
BRDA:360,49,0,0
BRDA:360,49,1,0
BRDA:362,50,0,0
BRDA:362,50,1,0
BRDA:364,51,0,0
BRDA:364,51,1,0
BRDA:382,52,0,0
BRDA:382,52,1,1
BRDA:391,53,0,2
BRDA:391,53,1,0
BRDA:396,54,0,0
BRDA:396,54,1,2
BRDA:399,55,0,0
BRDA:399,55,1,2
BRDA:425,56,0,1
BRDA:425,56,1,0
BRDA:426,57,0,1
BRDA:426,57,1,1
BRDA:439,58,0,2
BRDA:439,58,1,2
BRDA:442,59,0,2
BRDA:442,59,1,0
BRF:124
BRH:64
end_of_record
TN:
SF:routes/folders.js
FN:12,(anonymous_0)
FN:26,(anonymous_1)
FN:44,(anonymous_2)
FN:65,(anonymous_3)
FNF:4
FNH:4
FNDA:3,(anonymous_0)
FNDA:12,(anonymous_1)
FNDA:3,(anonymous_2)
FNDA:2,(anonymous_3)
DA:1,5
DA:2,5
DA:3,5
DA:4,5
DA:5,5
DA:6,5
DA:12,5
DA:13,3
DA:14,3
DA:15,3
DA:17,0
DA:18,0
DA:26,5
DA:27,12
DA:28,12
DA:29,12
DA:31,9
DA:32,9
DA:33,9
DA:35,0
DA:36,0
DA:44,5
DA:45,3
DA:46,3
DA:47,3
DA:49,2
DA:53,2
DA:55,0
DA:56,0
DA:65,5
DA:66,2
DA:68,2
DA:72,2
DA:75,2
DA:77,0
DA:78,0
DA:82,5
LF:37
LH:29
BRDA:15,0,0,3
BRDA:15,0,1,0
BRDA:29,1,0,3
BRDA:29,1,1,9
BRDA:47,2,0,1
BRDA:47,2,1,2
BRF:6
BRH:5
end_of_record
TN:
SF:services/ollama.js
FN:5,getOllamaConfig
FN:13,normalizeWhitespace
FN:22,buildContextWindow
FN:38,callOllama
FN:46,(anonymous_4)
FN:91,stripCodeFences
FN:99,parseJsonPayload
FN:119,parseFlashcardsFromText
FN:138,(anonymous_8)
FN:157,(anonymous_9)
FN:176,generateSummary
FN:192,generateFlashcards
FN:215,(anonymous_12)
FN:219,(anonymous_13)
FNF:14
FNH:0
FNDA:0,getOllamaConfig
FNDA:0,normalizeWhitespace
FNDA:0,buildContextWindow
FNDA:0,callOllama
FNDA:0,(anonymous_4)
FNDA:0,stripCodeFences
FNDA:0,parseJsonPayload
FNDA:0,parseFlashcardsFromText
FNDA:0,(anonymous_8)
FNDA:0,(anonymous_9)
FNDA:0,generateSummary
FNDA:0,generateFlashcards
FNDA:0,(anonymous_12)
FNDA:0,(anonymous_13)
DA:1,0
DA:2,0
DA:3,0
DA:6,0
DA:14,0
DA:23,0
DA:24,0
DA:26,0
DA:27,0
DA:28,0
DA:29,0
DA:31,0
DA:39,0
DA:41,0
DA:42,0
DA:45,0
DA:46,0
DA:48,0
DA:49,0
DA:65,0
DA:66,0
DA:67,0
DA:69,0
DA:72,0
DA:73,0
DA:76,0
DA:77,0
DA:80,0
DA:82,0
DA:83,0
DA:85,0
DA:87,0
DA:92,0
DA:100,0
DA:102,0
DA:103,0
DA:105,0
DA:106,0
DA:107,0
DA:110,0
DA:111,0
DA:112,0
DA:115,0
DA:120,0
DA:124,0
DA:125,0
DA:126,0
DA:132,0
DA:136,0
DA:138,0
DA:141,0
DA:142,0
DA:143,0
DA:144,0
DA:146,0
DA:147,0
DA:154,0
DA:155,0
DA:157,0
DA:160,0
DA:161,0
DA:162,0
DA:164,0
DA:165,0
DA:173,0
DA:177,0
DA:178,0
DA:189,0
DA:193,0
DA:194,0
DA:211,0
DA:212,0
DA:214,0
DA:215,0
DA:219,0
DA:222,0
DA:223,0
DA:226,0
DA:229,0
LF:79
LH:0
BRDA:1,0,0,0
BRDA:1,0,1,0
BRDA:1,0,2,0
BRDA:2,1,0,0
BRDA:2,1,1,0
BRDA:2,1,2,0
BRDA:3,2,0,0
BRDA:3,2,1,0
BRDA:14,3,0,0
BRDA:14,3,1,0
BRDA:22,4,0,0
BRDA:24,5,0,0
BRDA:24,5,1,0
BRDA:38,6,0,0
BRDA:41,7,0,0
BRDA:41,7,1,0
BRDA:72,8,0,0
BRDA:72,8,1,0
BRDA:73,9,0,0
BRDA:73,9,1,0
BRDA:76,10,0,0
BRDA:76,10,1,0
BRDA:82,11,0,0
BRDA:82,11,1,0
BRDA:92,12,0,0
BRDA:92,12,1,0
BRDA:106,13,0,0
BRDA:106,13,1,0
BRDA:111,14,0,0
BRDA:111,14,1,0
BRDA:120,15,0,0
BRDA:120,15,1,0
BRDA:126,16,0,0
BRDA:126,16,1,0
BRDA:128,17,0,0
BRDA:128,17,1,0
BRDA:132,18,0,0
BRDA:132,18,1,0
BRDA:146,19,0,0
BRDA:146,19,1,0
BRDA:146,20,0,0
BRDA:146,20,1,0
BRDA:154,21,0,0
BRDA:154,21,1,0
BRDA:164,22,0,0
BRDA:164,22,1,0
BRDA:164,23,0,0
BRDA:164,23,1,0
BRDA:177,24,0,0
BRDA:177,24,1,0
BRDA:193,25,0,0
BRDA:193,25,1,0
BRDA:219,26,0,0
BRDA:219,26,1,0
BRDA:222,27,0,0
BRDA:222,27,1,0
BRF:56
BRH:0
end_of_record
