{"total": {"lines":{"total":396,"covered":340,"skipped":0,"pct":85.85},"statements":{"total":434,"covered":367,"skipped":0,"pct":84.56},"functions":{"total":44,"covered":42,"skipped":0,"pct":95.45},"branches":{"total":206,"covered":165,"skipped":0,"pct":80.09},"branchesTrue":{"total":0,"covered":0,"skipped":0,"pct":100}}
,"/Users/tistar/Desktop/Notescan/CMPE-195-Senior-Project/backend/app.js": {"lines":{"total":21,"covered":20,"skipped":0,"pct":95.23},"functions":{"total":3,"covered":3,"skipped":0,"pct":100},"statements":{"total":21,"covered":20,"skipped":0,"pct":95.23},"branches":{"total":13,"covered":11,"skipped":0,"pct":84.61}}
,"/Users/tistar/Desktop/Notescan/CMPE-195-Senior-Project/backend/middleware/auth.js": {"lines":{"total":10,"covered":10,"skipped":0,"pct":100},"functions":{"total":1,"covered":1,"skipped":0,"pct":100},"statements":{"total":10,"covered":10,"skipped":0,"pct":100},"branches":{"total":4,"covered":3,"skipped":0,"pct":75}}
,"/Users/tistar/Desktop/Notescan/CMPE-195-Senior-Project/backend/middleware/upload.js": {"lines":{"total":20,"covered":20,"skipped":0,"pct":100},"functions":{"total":3,"covered":3,"skipped":0,"pct":100},"statements":{"total":21,"covered":21,"skipped":0,"pct":100},"branches":{"total":8,"covered":6,"skipped":0,"pct":75}}
,"/Users/tistar/Desktop/Notescan/CMPE-195-Senior-Project/backend/models/UploadedFile.js": {"lines":{"total":6,"covered":6,"skipped":0,"pct":100},"functions":{"total":0,"covered":0,"skipped":0,"pct":100},"statements":{"total":6,"covered":6,"skipped":0,"pct":100},"branches":{"total":0,"covered":0,"skipped":0,"pct":100}}
,"/Users/tistar/Desktop/Notescan/CMPE-195-Senior-Project/backend/models/User.js": {"lines":{"total":3,"covered":3,"skipped":0,"pct":100},"functions":{"total":0,"covered":0,"skipped":0,"pct":100},"statements":{"total":3,"covered":3,"skipped":0,"pct":100},"branches":{"total":0,"covered":0,"skipped":0,"pct":100}}
,"/Users/tistar/Desktop/Notescan/CMPE-195-Senior-Project/backend/routes/auth.js": {"lines":{"total":96,"covered":85,"skipped":0,"pct":88.54},"functions":{"total":8,"covered":8,"skipped":0,"pct":100},"statements":{"total":101,"covered":87,"skipped":0,"pct":86.13},"branches":{"total":51,"covered":41,"skipped":0,"pct":80.39}}
,"/Users/tistar/Desktop/Notescan/CMPE-195-Senior-Project/backend/routes/files.js": {"lines":{"total":203,"covered":167,"skipped":0,"pct":82.26},"functions":{"total":25,"covered":23,"skipped":0,"pct":92},"statements":{"total":233,"covered":189,"skipped":0,"pct":81.11},"branches":{"total":124,"covered":99,"skipped":0,"pct":79.83}}
,"/Users/tistar/Desktop/Notescan/CMPE-195-Senior-Project/backend/routes/folders.js": {"lines":{"total":37,"covered":29,"skipped":0,"pct":78.37},"functions":{"total":4,"covered":4,"skipped":0,"pct":100},"statements":{"total":39,"covered":31,"skipped":0,"pct":79.48},"branches":{"total":6,"covered":5,"skipped":0,"pct":83.33}}
}
