TN:
SF:app.js
FN:8,buildApp
FN:24,(anonymous_1)
FN:28,(anonymous_2)
FNF:3
FNH:3
FNDA:8,buildApp
FNDA:4,(anonymous_1)
FNDA:2,(anonymous_2)
DA:4,6
DA:5,6
DA:6,6
DA:9,8
DA:11,8
DA:17,8
DA:18,8
DA:20,8
DA:21,8
DA:22,8
DA:24,8
DA:25,4
DA:28,8
DA:29,2
DA:30,1
DA:32,1
DA:33,0
DA:35,1
DA:36,1
DA:39,8
DA:42,6
LF:21
LH:20
BRDA:12,0,0,8
BRDA:12,0,1,0
BRDA:29,1,0,1
BRDA:29,1,1,1
BRDA:29,2,0,2
BRDA:29,2,1,2
BRDA:29,2,2,2
BRDA:32,3,0,0
BRDA:32,3,1,1
BRDA:32,4,0,1
BRDA:32,4,1,1
BRDA:35,5,0,1
BRDA:35,5,1,1
BRF:13
BRH:11
end_of_record
TN:
SF:middleware/auth.js
FN:6,(anonymous_0)
FNF:1
FNH:1
FNDA:126,(anonymous_0)
DA:4,7
DA:6,7
DA:7,126
DA:8,126
DA:9,10
DA:11,116
DA:12,116
DA:16,112
DA:17,112
DA:18,4
LF:10
LH:10
BRDA:8,0,0,10
BRDA:8,0,1,116
BRDA:14,1,0,116
BRDA:14,1,1,0
BRF:4
BRH:3
end_of_record
TN:
SF:middleware/upload.js
FN:32,(anonymous_0)
FN:39,(anonymous_1)
FN:48,(anonymous_2)
FNF:3
FNH:3
FNDA:9,(anonymous_0)
FNDA:9,(anonymous_1)
FNDA:10,(anonymous_2)
DA:6,7
DA:7,7
DA:8,7
DA:9,7
DA:15,7
DA:23,7
DA:31,7
DA:33,9
DA:34,9
DA:35,9
DA:36,9
DA:37,9
DA:40,9
DA:48,7
DA:49,10
DA:50,10
DA:51,9
DA:53,1
DA:56,7
DA:62,7
LF:20
LH:20
BRDA:33,0,0,9
BRDA:33,0,1,0
BRDA:34,1,0,9
BRDA:34,1,1,0
BRDA:50,2,0,9
BRDA:50,2,1,1
BRDA:50,3,0,10
BRDA:50,3,1,1
BRF:8
BRH:6
end_of_record
TN:
SF:models/UploadedFile.js
FNF:0
FNH:0
DA:7,7
DA:12,7
DA:21,7
DA:32,7
DA:44,7
DA:172,7
LF:6
LH:6
BRF:0
BRH:0
end_of_record
TN:
SF:models/User.js
FNF:0
FNH:0
DA:5,8
DA:7,8
DA:47,8
LF:3
LH:3
BRF:0
BRH:0
end_of_record
TN:
SF:routes/auth.js
FN:21,signToken
FN:22,(anonymous_1)
FN:23,(anonymous_2)
FN:35,(anonymous_3)
FN:68,(anonymous_4)
FN:112,(anonymous_5)
FN:129,(anonymous_6)
FN:159,(anonymous_7)
FNF:8
FNH:8
FNDA:29,signToken
FNDA:29,(anonymous_1)
FNDA:29,(anonymous_2)
FNDA:27,(anonymous_3)
FNDA:11,(anonymous_4)
FNDA:2,(anonymous_5)
FNDA:7,(anonymous_6)
FNDA:2,(anonymous_7)
DA:4,6
DA:5,6
DA:6,6
DA:7,6
DA:8,6
DA:9,6
DA:10,6
DA:11,6
DA:12,6
DA:14,6
DA:15,6
DA:18,6
DA:19,6
DA:22,29
DA:23,29
DA:24,29
DA:25,29
DA:35,6
DA:36,27
DA:37,27
DA:38,3
DA:40,24
DA:41,24
DA:42,24
DA:43,2
DA:45,22
DA:46,22
DA:47,22
DA:54,22
DA:55,22
DA:57,0
DA:58,0
DA:68,6
DA:69,11
DA:70,11
DA:71,2
DA:73,9
DA:74,9
DA:77,9
DA:78,3
DA:79,3
DA:80,3
DA:81,3
DA:88,3
DA:89,3
DA:90,3
DA:91,3
DA:94,6
DA:95,6
DA:96,2
DA:98,4
DA:99,4
DA:100,4
DA:101,4
DA:103,0
DA:104,0
DA:112,6
DA:113,2
DA:114,2
DA:117,2
DA:118,1
DA:120,0
DA:121,0
DA:129,6
DA:130,7
DA:131,7
DA:132,2
DA:134,5
DA:135,1
DA:137,4
DA:138,4
DA:139,4
DA:140,4
DA:141,4
DA:142,3
DA:143,1
DA:145,2
DA:146,2
DA:147,2
DA:148,2
DA:150,0
DA:151,0
DA:159,6
DA:160,2
DA:161,2
DA:162,2
DA:163,2
DA:164,2
DA:165,2
DA:166,0
DA:168,2
DA:169,2
DA:170,2
DA:172,0
DA:173,0
DA:177,6
LF:96
LH:85
BRDA:14,0,0,6
BRDA:14,0,1,0
BRDA:15,1,0,6
BRDA:15,1,1,0
BRDA:24,2,0,0
BRDA:24,2,1,29
BRDA:37,3,0,3
BRDA:37,3,1,24
BRDA:37,4,0,27
BRDA:37,4,1,25
BRDA:42,5,0,2
BRDA:42,5,1,22
BRDA:48,6,0,22
BRDA:48,6,1,3
BRDA:51,7,0,22
BRDA:51,7,1,0
BRDA:51,7,2,0
BRDA:70,8,0,2
BRDA:70,8,1,9
BRDA:70,9,0,11
BRDA:70,9,1,10
BRDA:77,10,0,3
BRDA:77,10,1,6
BRDA:77,11,0,9
BRDA:77,11,1,3
BRDA:79,12,0,3
BRDA:79,12,1,0
BRDA:85,13,0,3
BRDA:85,13,1,0
BRDA:95,14,0,2
BRDA:95,14,1,4
BRDA:95,15,0,6
BRDA:95,15,1,5
BRDA:117,16,0,1
BRDA:117,16,1,1
BRDA:131,17,0,2
BRDA:131,17,1,5
BRDA:131,18,0,7
BRDA:131,18,1,6
BRDA:134,19,0,1
BRDA:134,19,1,4
BRDA:139,20,0,0
BRDA:139,20,1,4
BRDA:141,21,0,1
BRDA:141,21,1,3
BRDA:142,22,0,1
BRDA:142,22,1,2
BRDA:163,23,0,0
BRDA:163,23,1,2
BRDA:165,24,0,0
BRDA:165,24,1,2
BRF:51
BRH:41
end_of_record
TN:
SF:routes/files.js
FN:19,requireOwnedFile
FN:25,normalizeFlashCards
FN:27,(anonymous_2)
FN:32,(anonymous_3)
FN:35,getSourceText
FN:43,applyTextEdit
FN:62,generateRequestedContent
FN:98,(anonymous_7)
FN:132,(anonymous_8)
FN:169,(anonymous_9)
FN:186,(anonymous_10)
FN:203,(anonymous_11)
FN:220,(anonymous_12)
FN:247,(anonymous_13)
FN:260,(anonymous_14)
FN:273,(anonymous_15)
FN:286,(anonymous_16)
FN:312,(anonymous_17)
FN:336,(anonymous_18)
FN:352,(anonymous_19)
FN:363,(anonymous_20)
FN:378,(anonymous_21)
FN:390,handleGenerateRequest
FN:423,(anonymous_23)
FN:435,(anonymous_24)
FNF:25
FNH:23
FNDA:47,requireOwnedFile
FNDA:5,normalizeFlashCards
FNDA:10,(anonymous_2)
FNDA:10,(anonymous_3)
FNDA:8,getSourceText
FNDA:5,applyTextEdit
FNDA:9,generateRequestedContent
FNDA:6,(anonymous_7)
FNDA:10,(anonymous_8)
FNDA:6,(anonymous_9)
FNDA:2,(anonymous_10)
FNDA:3,(anonymous_11)
FNDA:14,(anonymous_12)
FNDA:6,(anonymous_13)
FNDA:0,(anonymous_14)
FNDA:0,(anonymous_15)
FNDA:4,(anonymous_16)
FNDA:6,(anonymous_17)
FNDA:3,(anonymous_18)
FNDA:5,(anonymous_19)
FNDA:3,(anonymous_20)
FNDA:2,(anonymous_21)
FNDA:10,handleGenerateRequest
FNDA:2,(anonymous_23)
FNDA:4,(anonymous_24)
DA:8,6
DA:9,6
DA:10,6
DA:11,6
DA:12,6
DA:13,6
DA:14,6
DA:15,6
DA:16,6
DA:17,6
DA:20,47
DA:21,44
DA:22,38
DA:26,5
DA:27,10
DA:32,10
DA:36,8
DA:40,8
DA:44,5
DA:45,5
DA:46,5
DA:48,5
DA:56,5
DA:57,5
DA:58,5
DA:59,5
DA:63,9
DA:64,9
DA:65,1
DA:68,8
DA:69,8
DA:70,1
DA:76,7
DA:84,7
DA:85,7
DA:87,7
DA:88,7
DA:90,7
DA:91,6
DA:92,6
DA:93,6
DA:96,7
DA:97,3
DA:98,6
DA:104,3
DA:105,3
DA:106,3
DA:109,7
DA:110,7
DA:111,7
DA:112,7
DA:113,7
DA:115,7
DA:121,0
DA:122,0
DA:123,0
DA:124,0
DA:132,6
DA:133,10
DA:134,10
DA:136,9
DA:137,9
DA:139,9
DA:154,9
DA:155,9
DA:157,9
DA:159,0
DA:160,0
DA:169,6
DA:170,6
DA:172,6
DA:175,6
DA:177,0
DA:178,0
DA:186,6
DA:187,2
DA:188,2
DA:191,2
DA:193,0
DA:194,0
DA:203,6
DA:204,3
DA:205,3
DA:206,3
DA:207,3
DA:208,1
DA:210,0
DA:211,0
DA:220,6
DA:221,14
DA:222,14
DA:223,14
DA:224,14
DA:226,12
DA:227,12
DA:228,12
DA:229,12
DA:230,12
DA:231,12
DA:232,12
DA:233,12
DA:235,0
DA:236,0
DA:237,0
DA:239,0
DA:247,6
DA:248,6
DA:249,5
DA:252,5
DA:253,5
DA:260,6
DA:261,0
DA:262,0
DA:265,0
DA:266,0
DA:273,6
DA:274,0
DA:275,0
DA:278,0
DA:279,0
DA:286,6
DA:287,4
DA:288,1
DA:291,3
DA:292,3
DA:293,3
DA:294,3
DA:296,2
DA:297,2
DA:298,2
DA:299,2
DA:301,2
DA:303,0
DA:304,0
DA:312,6
DA:313,6
DA:314,6
DA:315,2
DA:318,4
DA:319,1
DA:322,3
DA:323,3
DA:324,3
DA:325,3
DA:327,3
DA:336,3
DA:337,3
DA:338,3
DA:339,3
DA:341,3
DA:343,0
DA:344,0
DA:352,6
DA:353,5
DA:354,5
DA:355,2
DA:357,3
DA:358,3
DA:359,3
DA:360,3
DA:362,3
DA:363,3
DA:364,3
DA:365,3
DA:366,3
DA:367,3
DA:369,0
DA:370,0
DA:378,6
DA:379,2
DA:380,2
DA:381,2
DA:382,2
DA:383,1
DA:385,0
DA:386,0
DA:391,10
DA:393,10
DA:394,10
DA:395,10
DA:396,10
DA:398,9
DA:399,9
DA:401,7
DA:408,0
DA:409,0
DA:417,6
DA:423,6
DA:424,2
DA:428,2
DA:435,6
DA:436,4
DA:437,4
DA:438,4
DA:439,4
DA:441,2
DA:442,2
DA:444,2
DA:445,2
DA:446,2
DA:448,0
DA:449,0
DA:453,6
LF:203
LH:167
BRDA:20,0,0,3
BRDA:20,0,1,44
BRDA:21,1,0,6
BRDA:21,1,1,38
BRDA:25,2,0,0
BRDA:28,3,0,10
BRDA:28,3,1,0
BRDA:28,3,2,0
BRDA:29,4,0,10
BRDA:29,4,1,1
BRDA:30,5,0,10
BRDA:30,5,1,1
BRDA:32,6,0,10
BRDA:32,6,1,9
BRDA:36,7,0,1
BRDA:36,7,1,7
BRDA:36,8,0,8
BRDA:36,8,1,1
BRDA:38,9,0,7
BRDA:38,9,1,1
BRDA:38,9,2,1
BRDA:40,10,0,8
BRDA:40,10,1,1
BRDA:46,11,0,0
BRDA:46,11,1,5
BRDA:49,12,0,5
BRDA:49,12,1,0
BRDA:49,12,2,0
BRDA:51,13,0,5
BRDA:51,13,1,5
BRDA:52,14,0,5
BRDA:52,14,1,5
BRDA:64,15,0,1
BRDA:64,15,1,8
BRDA:69,16,0,1
BRDA:69,16,1,7
BRDA:90,17,0,6
BRDA:90,17,1,1
BRDA:90,18,0,7
BRDA:90,18,1,3
BRDA:96,19,0,3
BRDA:96,19,1,4
BRDA:96,20,0,7
BRDA:96,20,1,6
BRDA:99,21,0,6
BRDA:99,21,1,0
BRDA:134,22,0,1
BRDA:134,22,1,9
BRDA:143,23,0,1
BRDA:143,23,1,8
BRDA:148,24,0,8
BRDA:148,24,1,1
BRDA:207,25,0,2
BRDA:207,25,1,1
BRDA:224,26,0,2
BRDA:224,26,1,12
BRDA:227,27,0,2
BRDA:227,27,1,10
BRDA:228,28,0,2
BRDA:228,28,1,10
BRDA:229,29,0,2
BRDA:229,29,1,10
BRDA:230,30,0,4
BRDA:230,30,1,8
BRDA:231,31,0,3
BRDA:231,31,1,9
BRDA:236,32,0,0
BRDA:236,32,1,0
BRDA:248,33,0,1
BRDA:248,33,1,5
BRDA:252,34,0,0
BRDA:252,34,1,5
BRDA:261,35,0,0
BRDA:261,35,1,0
BRDA:265,36,0,0
BRDA:265,36,1,0
BRDA:274,37,0,0
BRDA:274,37,1,0
BRDA:278,38,0,0
BRDA:278,38,1,0
BRDA:287,39,0,1
BRDA:287,39,1,3
BRDA:294,40,0,1
BRDA:294,40,1,2
BRDA:314,41,0,2
BRDA:314,41,1,4
BRDA:314,42,0,6
BRDA:314,42,1,5
BRDA:314,42,2,4
BRDA:318,43,0,1
BRDA:318,43,1,3
BRDA:325,44,0,0
BRDA:325,44,1,3
BRDA:330,45,0,3
BRDA:330,45,1,1
BRDA:337,46,0,3
BRDA:337,46,1,0
BRDA:354,47,0,2
BRDA:354,47,1,3
BRDA:354,48,0,5
BRDA:354,48,1,4
BRDA:354,48,2,4
BRDA:360,49,0,0
BRDA:360,49,1,3
BRDA:362,50,0,3
BRDA:362,50,1,1
BRDA:364,51,0,3
BRDA:364,51,1,0
BRDA:382,52,0,1
BRDA:382,52,1,1
BRDA:391,53,0,10
BRDA:391,53,1,0
BRDA:396,54,0,1
BRDA:396,54,1,9
BRDA:399,55,0,2
BRDA:399,55,1,7
BRDA:425,56,0,2
BRDA:425,56,1,0
BRDA:426,57,0,2
BRDA:426,57,1,1
BRDA:439,58,0,2
BRDA:439,58,1,2
BRDA:442,59,0,2
BRDA:442,59,1,0
BRF:124
BRH:99
end_of_record
TN:
SF:routes/folders.js
FN:12,(anonymous_0)
FN:26,(anonymous_1)
FN:44,(anonymous_2)
FN:65,(anonymous_3)
FNF:4
FNH:4
FNDA:3,(anonymous_0)
FNDA:15,(anonymous_1)
FNDA:6,(anonymous_2)
FNDA:2,(anonymous_3)
DA:1,6
DA:2,6
DA:3,6
DA:4,6
DA:5,6
DA:6,6
DA:12,6
DA:13,3
DA:14,3
DA:15,3
DA:17,0
DA:18,0
DA:26,6
DA:27,15
DA:28,15
DA:29,15
DA:31,12
DA:32,12
DA:33,12
DA:35,0
DA:36,0
DA:44,6
DA:45,6
DA:46,6
DA:47,6
DA:49,3
DA:53,3
DA:55,0
DA:56,0
DA:65,6
DA:66,2
DA:68,2
DA:72,2
DA:75,2
DA:77,0
DA:78,0
DA:82,6
LF:37
LH:29
BRDA:15,0,0,3
BRDA:15,0,1,0
BRDA:29,1,0,3
BRDA:29,1,1,12
BRDA:47,2,0,3
BRDA:47,2,1,3
BRF:6
BRH:5
end_of_record
